2023-02-07 11:46:45,210 - mmcls - INFO - Environment info:
------------------------------------------------------------
sys.platform: linux
Python: 3.8.16 (default, Dec  7 2022, 01:12:13) [GCC 7.5.0]
CUDA available: True
GPU 0: Tesla T4
CUDA_HOME: /usr/local/cuda
NVCC: Cuda compilation tools, release 11.2, V11.2.152
GCC: x86_64-linux-gnu-gcc (Ubuntu 7.5.0-3ubuntu1~18.04) 7.5.0
PyTorch: 1.13.0+cu116
PyTorch compiling details: PyTorch built with:
  - GCC 9.3
  - C++ Version: 201402
  - Intel(R) Math Kernel Library Version 2020.0.0 Product Build 20191122 for Intel(R) 64 architecture applications
  - Intel(R) MKL-DNN v2.6.0 (Git Hash 52b5f107dd9cf10910aaa19cb47f3abf9b349815)
  - OpenMP 201511 (a.k.a. OpenMP 4.5)
  - LAPACK is enabled (usually provided by MKL)
  - NNPACK is enabled
  - CPU capability usage: AVX2
  - CUDA Runtime 11.6
  - NVCC architecture flags: -gencode;arch=compute_37,code=sm_37;-gencode;arch=compute_50,code=sm_50;-gencode;arch=compute_60,code=sm_60;-gencode;arch=compute_70,code=sm_70;-gencode;arch=compute_75,code=sm_75;-gencode;arch=compute_80,code=sm_80;-gencode;arch=compute_86,code=sm_86
  - CuDNN 8.3.2  (built against CUDA 11.5)
  - Magma 2.6.1
  - Build settings: BLAS_INFO=mkl, BUILD_TYPE=Release, CUDA_VERSION=11.6, CUDNN_VERSION=8.3.2, CXX_COMPILER=/opt/rh/devtoolset-9/root/usr/bin/c++, CXX_FLAGS= -fabi-version=11 -Wno-deprecated -fvisibility-inlines-hidden -DUSE_PTHREADPOOL -fopenmp -DNDEBUG -DUSE_KINETO -DUSE_FBGEMM -DUSE_QNNPACK -DUSE_PYTORCH_QNNPACK -DUSE_XNNPACK -DSYMBOLICATE_MOBILE_DEBUG_HANDLE -DEDGE_PROFILER_USE_KINETO -O2 -fPIC -Wno-narrowing -Wall -Wextra -Werror=return-type -Werror=non-virtual-dtor -Wno-missing-field-initializers -Wno-type-limits -Wno-array-bounds -Wno-unknown-pragmas -Wunused-local-typedefs -Wno-unused-parameter -Wno-unused-function -Wno-unused-result -Wno-strict-overflow -Wno-strict-aliasing -Wno-error=deprecated-declarations -Wno-stringop-overflow -Wno-psabi -Wno-error=pedantic -Wno-error=redundant-decls -Wno-error=old-style-cast -fdiagnostics-color=always -faligned-new -Wno-unused-but-set-variable -Wno-maybe-uninitialized -fno-math-errno -fno-trapping-math -Werror=format -Werror=cast-function-type -Wno-stringop-overflow, LAPACK_INFO=mkl, PERF_WITH_AVX=1, PERF_WITH_AVX2=1, PERF_WITH_AVX512=1, TORCH_VERSION=1.13.0, USE_CUDA=ON, USE_CUDNN=ON, USE_EXCEPTION_PTR=1, USE_GFLAGS=OFF, USE_GLOG=OFF, USE_MKL=ON, USE_MKLDNN=ON, USE_MPI=OFF, USE_NCCL=ON, USE_NNPACK=ON, USE_OPENMP=ON, USE_ROCM=OFF, 

TorchVision: 0.14.0+cu116
OpenCV: 4.6.0
MMCV: 1.7.1
MMCV Compiler: GCC 9.3
MMCV CUDA Compiler: 11.6
MMClassification: 0.25.0+
------------------------------------------------------------

2023-02-07 11:46:45,211 - mmcls - INFO - Distributed training: False
2023-02-07 11:46:45,333 - mmcls - INFO - Config:
model = dict(
    type='ImageClassifier',
    backbone=dict(
        type='ResNet',
        depth=18,
        num_stages=4,
        out_indices=(3, ),
        style='pytorch'),
    neck=dict(type='GlobalAveragePooling'),
    head=dict(
        type='LinearClsHead',
        num_classes=10,
        in_channels=512,
        loss=dict(type='CrossEntropyLoss', loss_weight=1.0),
        topk=(1, )))
dataset_type = 'ImageNet'
img_norm_cfg = dict(
    mean=[123.675, 116.28, 103.53], std=[58.395, 57.12, 57.375], to_rgb=True)
train_pipeline = [
    dict(type='LoadImageFromFile'),
    dict(type='RandomResizedCrop', size=224),
    dict(type='RandomFlip', flip_prob=0.5, direction='horizontal'),
    dict(
        type='Normalize',
        mean=[123.675, 116.28, 103.53],
        std=[58.395, 57.12, 57.375],
        to_rgb=True),
    dict(type='ImageToTensor', keys=['img']),
    dict(type='ToTensor', keys=['gt_label']),
    dict(type='Collect', keys=['img', 'gt_label'])
]
test_pipeline = [
    dict(type='LoadImageFromFile'),
    dict(type='Resize', size=(256, -1)),
    dict(type='CenterCrop', crop_size=224),
    dict(
        type='Normalize',
        mean=[123.675, 116.28, 103.53],
        std=[58.395, 57.12, 57.375],
        to_rgb=True),
    dict(type='ImageToTensor', keys=['img']),
    dict(type='Collect', keys=['img'])
]
data = dict(
    samples_per_gpu=32,
    workers_per_gpu=2,
    train=dict(
        type='ImageNet',
        data_prefix='data/cifar/train',
        pipeline=[
            dict(type='LoadImageFromFile'),
            dict(type='RandomResizedCrop', size=224),
            dict(type='RandomFlip', flip_prob=0.5, direction='horizontal'),
            dict(
                type='Normalize',
                mean=[123.675, 116.28, 103.53],
                std=[58.395, 57.12, 57.375],
                to_rgb=True),
            dict(type='ImageToTensor', keys=['img']),
            dict(type='ToTensor', keys=['gt_label']),
            dict(type='Collect', keys=['img', 'gt_label'])
        ],
        ann_file='data/cifar/train.txt',
        classes='data/cifar/classes.txt'),
    val=dict(
        type='ImageNet',
        data_prefix='data/cifar/val',
        ann_file='data/cifar/val.txt',
        pipeline=[
            dict(type='LoadImageFromFile'),
            dict(type='Resize', size=(256, -1)),
            dict(type='CenterCrop', crop_size=224),
            dict(
                type='Normalize',
                mean=[123.675, 116.28, 103.53],
                std=[58.395, 57.12, 57.375],
                to_rgb=True),
            dict(type='ImageToTensor', keys=['img']),
            dict(type='Collect', keys=['img'])
        ],
        classes='data/cifar/classes.txt'),
    test=dict(
        type='ImageNet',
        data_prefix='data/imagenet/val',
        ann_file='data/imagenet/meta/val.txt',
        pipeline=[
            dict(type='LoadImageFromFile'),
            dict(type='Resize', size=(256, -1)),
            dict(type='CenterCrop', crop_size=224),
            dict(
                type='Normalize',
                mean=[123.675, 116.28, 103.53],
                std=[58.395, 57.12, 57.375],
                to_rgb=True),
            dict(type='ImageToTensor', keys=['img']),
            dict(type='Collect', keys=['img'])
        ]))
evaluation = dict(interval=1, metric='accuracy')
checkpoint_config = dict(interval=1)
log_config = dict(interval=100, hooks=[dict(type='TextLoggerHook')])
dist_params = dict(backend='nccl')
log_level = 'INFO'
load_from = '/content/drive/MyDrive/OpenMMLab/mmclassification/checkpoints/resnet18_batch256_imagenet_20200708-34ab8f90.pth'
resume_from = None
workflow = [('train', 1)]
optimizer = dict(type='SGD', lr=0.001, momentum=0.9, weight_decay=0.0001)
optimizer_config = dict(grad_clip=None)
lr_config = dict(policy='step', step=[1])
runner = dict(type='EpochBasedRunner', max_epochs=80)
work_dir = 'model/cifar'
gpu_ids = [0]

2023-02-07 11:46:45,333 - mmcls - INFO - Set random seed to 1260395531, deterministic: False
2023-02-07 11:46:47,422 - mmcls - INFO - load checkpoint from local path: /content/drive/MyDrive/OpenMMLab/mmclassification/checkpoints/resnet18_batch256_imagenet_20200708-34ab8f90.pth
2023-02-07 11:46:47,497 - mmcls - WARNING - The model and loaded state dict do not match exactly

size mismatch for head.fc.weight: copying a param with shape torch.Size([1000, 512]) from checkpoint, the shape in current model is torch.Size([10, 512]).
size mismatch for head.fc.bias: copying a param with shape torch.Size([1000]) from checkpoint, the shape in current model is torch.Size([10]).
2023-02-07 11:46:47,499 - mmcls - INFO - Start running, host: root@b5f0a56845c3, work_dir: /content/drive/MyDrive/OpenMMLab/mmclassification/model/cifar
2023-02-07 11:46:47,499 - mmcls - INFO - Hooks will be executed in the following order:
before_run:
(VERY_HIGH   ) StepLrUpdaterHook                  
(NORMAL      ) CheckpointHook                     
(LOW         ) EvalHook                           
(VERY_LOW    ) TextLoggerHook                     
 -------------------- 
before_train_epoch:
(VERY_HIGH   ) StepLrUpdaterHook                  
(LOW         ) IterTimerHook                      
(LOW         ) EvalHook                           
(VERY_LOW    ) TextLoggerHook                     
 -------------------- 
before_train_iter:
(VERY_HIGH   ) StepLrUpdaterHook                  
(LOW         ) IterTimerHook                      
(LOW         ) EvalHook                           
 -------------------- 
after_train_iter:
(ABOVE_NORMAL) OptimizerHook                      
(NORMAL      ) CheckpointHook                     
(LOW         ) IterTimerHook                      
(LOW         ) EvalHook                           
(VERY_LOW    ) TextLoggerHook                     
 -------------------- 
after_train_epoch:
(NORMAL      ) CheckpointHook                     
(LOW         ) EvalHook                           
(VERY_LOW    ) TextLoggerHook                     
 -------------------- 
before_val_epoch:
(LOW         ) IterTimerHook                      
(VERY_LOW    ) TextLoggerHook                     
 -------------------- 
before_val_iter:
(LOW         ) IterTimerHook                      
 -------------------- 
after_val_iter:
(LOW         ) IterTimerHook                      
 -------------------- 
after_val_epoch:
(VERY_LOW    ) TextLoggerHook                     
 -------------------- 
after_run:
(VERY_LOW    ) TextLoggerHook                     
 -------------------- 
2023-02-07 11:46:47,500 - mmcls - INFO - workflow: [('train', 1)], max: 80 epochs
2023-02-07 11:46:47,500 - mmcls - INFO - Checkpoints will be saved to /content/drive/MyDrive/OpenMMLab/mmclassification/model/cifar by HardDiskBackend.
2023-02-07 11:51:45,996 - mmcls - INFO - Epoch [1][100/230]	lr: 1.000e-03, eta: 15:10:03, time: 2.984, data_time: 2.883, memory: 873, loss: 1.9998
2023-02-07 11:56:38,327 - mmcls - INFO - Epoch [1][200/230]	lr: 1.000e-03, eta: 14:55:54, time: 2.923, data_time: 2.870, memory: 873, loss: 1.5662
2023-02-07 11:58:02,072 - mmcls - INFO - Saving checkpoint at 1 epochs
2023-02-07 12:01:06,560 - mmcls - INFO - Epoch(val) [1][58]	accuracy_top-1: 61.3673, accuracy_top-5: 95.5507
2023-02-07 12:01:19,400 - mmcls - INFO - Epoch [2][100/230]	lr: 1.000e-04, eta: 9:10:45, time: 0.128, data_time: 0.047, memory: 873, loss: 1.3178
2023-02-07 12:01:30,625 - mmcls - INFO - Epoch [2][200/230]	lr: 1.000e-04, eta: 7:08:09, time: 0.112, data_time: 0.034, memory: 873, loss: 1.2878
2023-02-07 12:01:33,359 - mmcls - INFO - Saving checkpoint at 2 epochs
2023-02-07 12:01:38,573 - mmcls - INFO - Epoch(val) [2][58]	accuracy_top-1: 67.0646, accuracy_top-5: 97.5041
2023-02-07 12:01:51,150 - mmcls - INFO - Epoch [3][100/230]	lr: 1.000e-04, eta: 5:33:02, time: 0.125, data_time: 0.044, memory: 873, loss: 1.2794
2023-02-07 12:02:02,289 - mmcls - INFO - Epoch [3][200/230]	lr: 1.000e-04, eta: 4:45:58, time: 0.111, data_time: 0.032, memory: 873, loss: 1.2343
2023-02-07 12:02:05,039 - mmcls - INFO - Saving checkpoint at 3 epochs
2023-02-07 12:02:10,121 - mmcls - INFO - Epoch(val) [3][58]	accuracy_top-1: 69.5062, accuracy_top-5: 97.7754
2023-02-07 12:02:22,524 - mmcls - INFO - Epoch [4][100/230]	lr: 1.000e-04, eta: 4:01:43, time: 0.123, data_time: 0.039, memory: 873, loss: 1.2149
2023-02-07 12:02:33,848 - mmcls - INFO - Epoch [4][200/230]	lr: 1.000e-04, eta: 3:37:03, time: 0.113, data_time: 0.043, memory: 873, loss: 1.2279
2023-02-07 12:02:36,618 - mmcls - INFO - Saving checkpoint at 4 epochs
2023-02-07 12:02:42,274 - mmcls - INFO - Epoch(val) [4][58]	accuracy_top-1: 70.7542, accuracy_top-5: 97.8296
2023-02-07 12:02:54,342 - mmcls - INFO - Epoch [5][100/230]	lr: 1.000e-04, eta: 3:11:24, time: 0.120, data_time: 0.034, memory: 873, loss: 1.2024
2023-02-07 12:03:06,109 - mmcls - INFO - Epoch [5][200/230]	lr: 1.000e-04, eta: 2:56:20, time: 0.118, data_time: 0.048, memory: 873, loss: 1.1432
2023-02-07 12:03:08,822 - mmcls - INFO - Saving checkpoint at 5 epochs
2023-02-07 12:03:14,526 - mmcls - INFO - Epoch(val) [5][58]	accuracy_top-1: 72.3277, accuracy_top-5: 98.0467
2023-02-07 12:03:26,347 - mmcls - INFO - Epoch [6][100/230]	lr: 1.000e-04, eta: 2:39:29, time: 0.118, data_time: 0.036, memory: 873, loss: 1.1448
2023-02-07 12:03:37,487 - mmcls - INFO - Epoch [6][200/230]	lr: 1.000e-04, eta: 2:29:10, time: 0.112, data_time: 0.034, memory: 873, loss: 1.1656
2023-02-07 12:03:40,208 - mmcls - INFO - Saving checkpoint at 6 epochs
2023-02-07 12:03:45,772 - mmcls - INFO - Epoch(val) [6][58]	accuracy_top-1: 72.5448, accuracy_top-5: 98.1009
2023-02-07 12:03:57,568 - mmcls - INFO - Epoch [7][100/230]	lr: 1.000e-04, eta: 2:17:16, time: 0.117, data_time: 0.035, memory: 873, loss: 1.1100
2023-02-07 12:04:08,792 - mmcls - INFO - Epoch [7][200/230]	lr: 1.000e-04, eta: 2:09:48, time: 0.112, data_time: 0.033, memory: 873, loss: 1.1210
2023-02-07 12:04:11,503 - mmcls - INFO - Saving checkpoint at 7 epochs
2023-02-07 12:04:17,127 - mmcls - INFO - Epoch(val) [7][58]	accuracy_top-1: 73.9555, accuracy_top-5: 98.3722
2023-02-07 12:04:29,156 - mmcls - INFO - Epoch [8][100/230]	lr: 1.000e-04, eta: 2:00:57, time: 0.120, data_time: 0.042, memory: 873, loss: 1.0995
2023-02-07 12:04:40,645 - mmcls - INFO - Epoch [8][200/230]	lr: 1.000e-04, eta: 1:55:21, time: 0.115, data_time: 0.037, memory: 873, loss: 1.0902
2023-02-07 12:04:43,343 - mmcls - INFO - Saving checkpoint at 8 epochs
2023-02-07 12:04:49,392 - mmcls - INFO - Epoch(val) [8][58]	accuracy_top-1: 75.0407, accuracy_top-5: 98.4807
2023-02-07 12:05:00,961 - mmcls - INFO - Epoch [9][100/230]	lr: 1.000e-04, eta: 1:48:24, time: 0.115, data_time: 0.031, memory: 873, loss: 1.0838
2023-02-07 12:05:12,159 - mmcls - INFO - Epoch [9][200/230]	lr: 1.000e-04, eta: 1:43:57, time: 0.112, data_time: 0.029, memory: 873, loss: 1.0910
2023-02-07 12:05:14,857 - mmcls - INFO - Saving checkpoint at 9 epochs
2023-02-07 12:05:21,131 - mmcls - INFO - Epoch(val) [9][58]	accuracy_top-1: 75.4748, accuracy_top-5: 98.3722
2023-02-07 12:05:32,561 - mmcls - INFO - Epoch [10][100/230]	lr: 1.000e-04, eta: 1:38:22, time: 0.114, data_time: 0.026, memory: 873, loss: 1.0353
2023-02-07 12:05:43,675 - mmcls - INFO - Epoch [10][200/230]	lr: 1.000e-04, eta: 1:34:46, time: 0.111, data_time: 0.037, memory: 873, loss: 1.0544
2023-02-07 12:05:46,381 - mmcls - INFO - Saving checkpoint at 10 epochs
2023-02-07 12:05:52,618 - mmcls - INFO - Epoch(val) [10][58]	accuracy_top-1: 76.0716, accuracy_top-5: 98.5893
2023-02-07 12:06:04,244 - mmcls - INFO - Epoch [11][100/230]	lr: 1.000e-04, eta: 1:30:12, time: 0.116, data_time: 0.029, memory: 873, loss: 1.0546
2023-02-07 12:06:15,437 - mmcls - INFO - Epoch [11][200/230]	lr: 1.000e-04, eta: 1:27:14, time: 0.112, data_time: 0.033, memory: 873, loss: 1.0608
2023-02-07 12:06:18,142 - mmcls - INFO - Saving checkpoint at 11 epochs
2023-02-07 12:06:24,570 - mmcls - INFO - Epoch(val) [11][58]	accuracy_top-1: 76.3429, accuracy_top-5: 98.8605
2023-02-07 12:06:36,014 - mmcls - INFO - Epoch [12][100/230]	lr: 1.000e-04, eta: 1:23:23, time: 0.114, data_time: 0.024, memory: 873, loss: 1.0294
2023-02-07 12:06:47,166 - mmcls - INFO - Epoch [12][200/230]	lr: 1.000e-04, eta: 1:20:53, time: 0.111, data_time: 0.028, memory: 873, loss: 1.0145
2023-02-07 12:06:49,884 - mmcls - INFO - Saving checkpoint at 12 epochs
2023-02-07 12:06:56,550 - mmcls - INFO - Epoch(val) [12][58]	accuracy_top-1: 76.7770, accuracy_top-5: 98.8063
2023-02-07 12:07:07,979 - mmcls - INFO - Epoch [13][100/230]	lr: 1.000e-04, eta: 1:17:36, time: 0.114, data_time: 0.024, memory: 873, loss: 1.0132
2023-02-07 12:07:19,079 - mmcls - INFO - Epoch [13][200/230]	lr: 1.000e-04, eta: 1:15:28, time: 0.111, data_time: 0.031, memory: 873, loss: 1.0165
2023-02-07 12:07:21,786 - mmcls - INFO - Saving checkpoint at 13 epochs
2023-02-07 12:07:28,286 - mmcls - INFO - Epoch(val) [13][58]	accuracy_top-1: 77.8622, accuracy_top-5: 98.8605
2023-02-07 12:07:40,003 - mmcls - INFO - Epoch [14][100/230]	lr: 1.000e-04, eta: 1:12:38, time: 0.117, data_time: 0.036, memory: 873, loss: 0.9949
2023-02-07 12:07:51,143 - mmcls - INFO - Epoch [14][200/230]	lr: 1.000e-04, eta: 1:10:47, time: 0.111, data_time: 0.031, memory: 873, loss: 1.0051
2023-02-07 12:07:53,863 - mmcls - INFO - Saving checkpoint at 14 epochs
2023-02-07 12:08:00,304 - mmcls - INFO - Epoch(val) [14][58]	accuracy_top-1: 77.8079, accuracy_top-5: 98.7520
2023-02-07 12:08:11,720 - mmcls - INFO - Epoch [15][100/230]	lr: 1.000e-04, eta: 1:08:18, time: 0.114, data_time: 0.030, memory: 873, loss: 0.9602
2023-02-07 12:08:22,916 - mmcls - INFO - Epoch [15][200/230]	lr: 1.000e-04, eta: 1:06:40, time: 0.112, data_time: 0.032, memory: 873, loss: 0.9905
2023-02-07 12:08:25,620 - mmcls - INFO - Saving checkpoint at 15 epochs
2023-02-07 12:08:32,144 - mmcls - INFO - Epoch(val) [15][58]	accuracy_top-1: 78.4048, accuracy_top-5: 98.9148
2023-02-07 12:08:43,542 - mmcls - INFO - Epoch [16][100/230]	lr: 1.000e-04, eta: 1:04:28, time: 0.113, data_time: 0.031, memory: 873, loss: 0.9718
2023-02-07 12:08:54,618 - mmcls - INFO - Epoch [16][200/230]	lr: 1.000e-04, eta: 1:03:01, time: 0.111, data_time: 0.030, memory: 873, loss: 0.9865
2023-02-07 12:08:57,312 - mmcls - INFO - Saving checkpoint at 16 epochs
2023-02-07 12:09:03,541 - mmcls - INFO - Epoch(val) [16][58]	accuracy_top-1: 78.4590, accuracy_top-5: 99.2404
2023-02-07 12:09:14,933 - mmcls - INFO - Epoch [17][100/230]	lr: 1.000e-04, eta: 1:01:03, time: 0.113, data_time: 0.023, memory: 873, loss: 0.9606
2023-02-07 12:09:25,987 - mmcls - INFO - Epoch [17][200/230]	lr: 1.000e-04, eta: 0:59:45, time: 0.111, data_time: 0.030, memory: 873, loss: 0.9710
2023-02-07 12:09:28,702 - mmcls - INFO - Saving checkpoint at 17 epochs
2023-02-07 12:09:34,909 - mmcls - INFO - Epoch(val) [17][58]	accuracy_top-1: 79.7613, accuracy_top-5: 99.1319
2023-02-07 12:09:46,312 - mmcls - INFO - Epoch [18][100/230]	lr: 1.000e-04, eta: 0:57:59, time: 0.113, data_time: 0.031, memory: 873, loss: 0.9575
2023-02-07 12:09:57,424 - mmcls - INFO - Epoch [18][200/230]	lr: 1.000e-04, eta: 0:56:49, time: 0.111, data_time: 0.036, memory: 873, loss: 0.9313
2023-02-07 12:10:00,139 - mmcls - INFO - Saving checkpoint at 18 epochs
2023-02-07 12:10:06,384 - mmcls - INFO - Epoch(val) [18][58]	accuracy_top-1: 79.5442, accuracy_top-5: 99.0233
2023-02-07 12:10:17,776 - mmcls - INFO - Epoch [19][100/230]	lr: 1.000e-04, eta: 0:55:12, time: 0.113, data_time: 0.023, memory: 873, loss: 0.9463
2023-02-07 12:10:28,908 - mmcls - INFO - Epoch [19][200/230]	lr: 1.000e-04, eta: 0:54:09, time: 0.111, data_time: 0.030, memory: 873, loss: 0.9229
2023-02-07 12:10:31,626 - mmcls - INFO - Saving checkpoint at 19 epochs
2023-02-07 12:10:37,758 - mmcls - INFO - Epoch(val) [19][58]	accuracy_top-1: 80.1411, accuracy_top-5: 99.3489
2023-02-07 12:10:49,514 - mmcls - INFO - Epoch [20][100/230]	lr: 1.000e-04, eta: 0:52:42, time: 0.117, data_time: 0.039, memory: 873, loss: 0.9358
2023-02-07 12:11:00,768 - mmcls - INFO - Epoch [20][200/230]	lr: 1.000e-04, eta: 0:51:45, time: 0.112, data_time: 0.037, memory: 873, loss: 0.9141
2023-02-07 12:11:03,493 - mmcls - INFO - Saving checkpoint at 20 epochs
2023-02-07 12:11:09,844 - mmcls - INFO - Epoch(val) [20][58]	accuracy_top-1: 79.7070, accuracy_top-5: 99.1319
2023-02-07 12:11:21,257 - mmcls - INFO - Epoch [21][100/230]	lr: 1.000e-04, eta: 0:50:24, time: 0.113, data_time: 0.032, memory: 873, loss: 0.9109
2023-02-07 12:11:32,481 - mmcls - INFO - Epoch [21][200/230]	lr: 1.000e-04, eta: 0:49:31, time: 0.112, data_time: 0.034, memory: 873, loss: 0.9148
2023-02-07 12:11:35,166 - mmcls - INFO - Saving checkpoint at 21 epochs
2023-02-07 12:11:42,021 - mmcls - INFO - Epoch(val) [21][58]	accuracy_top-1: 80.6294, accuracy_top-5: 99.2946
2023-02-07 12:11:53,400 - mmcls - INFO - Epoch [22][100/230]	lr: 1.000e-04, eta: 0:48:16, time: 0.113, data_time: 0.023, memory: 873, loss: 0.9097
2023-02-07 12:12:04,369 - mmcls - INFO - Epoch [22][200/230]	lr: 1.000e-04, eta: 0:47:26, time: 0.110, data_time: 0.031, memory: 873, loss: 0.8910
2023-02-07 12:12:07,071 - mmcls - INFO - Saving checkpoint at 22 epochs
2023-02-07 12:12:13,371 - mmcls - INFO - Epoch(val) [22][58]	accuracy_top-1: 80.8464, accuracy_top-5: 99.4031
2023-02-07 12:12:24,964 - mmcls - INFO - Epoch [23][100/230]	lr: 1.000e-04, eta: 0:46:17, time: 0.115, data_time: 0.031, memory: 873, loss: 0.9198
2023-02-07 12:12:36,063 - mmcls - INFO - Epoch [23][200/230]	lr: 1.000e-04, eta: 0:45:31, time: 0.111, data_time: 0.030, memory: 873, loss: 0.8993
2023-02-07 12:12:38,788 - mmcls - INFO - Saving checkpoint at 23 epochs
2023-02-07 12:12:45,645 - mmcls - INFO - Epoch(val) [23][58]	accuracy_top-1: 80.4666, accuracy_top-5: 99.2404
2023-02-07 12:12:56,959 - mmcls - INFO - Epoch [24][100/230]	lr: 1.000e-04, eta: 0:44:26, time: 0.113, data_time: 0.025, memory: 873, loss: 0.8887
2023-02-07 12:13:08,086 - mmcls - INFO - Epoch [24][200/230]	lr: 1.000e-04, eta: 0:43:44, time: 0.111, data_time: 0.031, memory: 873, loss: 0.9034
2023-02-07 12:13:10,796 - mmcls - INFO - Saving checkpoint at 24 epochs
2023-02-07 12:13:17,383 - mmcls - INFO - Epoch(val) [24][58]	accuracy_top-1: 80.6294, accuracy_top-5: 99.1861
2023-02-07 12:13:28,827 - mmcls - INFO - Epoch [25][100/230]	lr: 1.000e-04, eta: 0:42:43, time: 0.114, data_time: 0.026, memory: 873, loss: 0.8702
2023-02-07 12:13:39,992 - mmcls - INFO - Epoch [25][200/230]	lr: 1.000e-04, eta: 0:42:03, time: 0.112, data_time: 0.038, memory: 873, loss: 0.8623
2023-02-07 12:13:42,697 - mmcls - INFO - Saving checkpoint at 25 epochs
2023-02-07 12:13:49,217 - mmcls - INFO - Epoch(val) [25][58]	accuracy_top-1: 81.6061, accuracy_top-5: 99.1861
2023-02-07 12:14:00,734 - mmcls - INFO - Epoch [26][100/230]	lr: 1.000e-04, eta: 0:41:07, time: 0.115, data_time: 0.026, memory: 873, loss: 0.8606
2023-02-07 12:14:11,722 - mmcls - INFO - Epoch [26][200/230]	lr: 1.000e-04, eta: 0:40:29, time: 0.110, data_time: 0.033, memory: 873, loss: 0.8782
2023-02-07 12:14:14,431 - mmcls - INFO - Saving checkpoint at 26 epochs
2023-02-07 12:14:20,814 - mmcls - INFO - Epoch(val) [26][58]	accuracy_top-1: 81.5518, accuracy_top-5: 99.2404
2023-02-07 12:14:32,212 - mmcls - INFO - Epoch [27][100/230]	lr: 1.000e-04, eta: 0:39:35, time: 0.113, data_time: 0.023, memory: 873, loss: 0.8437
2023-02-07 12:14:43,381 - mmcls - INFO - Epoch [27][200/230]	lr: 1.000e-04, eta: 0:39:00, time: 0.112, data_time: 0.034, memory: 873, loss: 0.8770
2023-02-07 12:14:46,071 - mmcls - INFO - Saving checkpoint at 27 epochs
2023-02-07 12:14:52,583 - mmcls - INFO - Epoch(val) [27][58]	accuracy_top-1: 81.8231, accuracy_top-5: 99.1861
2023-02-07 12:15:03,978 - mmcls - INFO - Epoch [28][100/230]	lr: 1.000e-04, eta: 0:38:09, time: 0.113, data_time: 0.023, memory: 873, loss: 0.8542
2023-02-07 12:15:15,102 - mmcls - INFO - Epoch [28][200/230]	lr: 1.000e-04, eta: 0:37:35, time: 0.111, data_time: 0.030, memory: 873, loss: 0.8759
2023-02-07 12:15:17,815 - mmcls - INFO - Saving checkpoint at 28 epochs
2023-02-07 12:15:24,055 - mmcls - INFO - Epoch(val) [28][58]	accuracy_top-1: 81.3890, accuracy_top-5: 99.2946
2023-02-07 12:15:35,669 - mmcls - INFO - Epoch [29][100/230]	lr: 1.000e-04, eta: 0:36:47, time: 0.116, data_time: 0.031, memory: 873, loss: 0.8251
2023-02-07 12:15:46,845 - mmcls - INFO - Epoch [29][200/230]	lr: 1.000e-04, eta: 0:36:16, time: 0.112, data_time: 0.034, memory: 873, loss: 0.8179
2023-02-07 12:15:49,553 - mmcls - INFO - Saving checkpoint at 29 epochs
2023-02-07 12:15:55,909 - mmcls - INFO - Epoch(val) [29][58]	accuracy_top-1: 82.0402, accuracy_top-5: 99.1861
2023-02-07 12:16:07,269 - mmcls - INFO - Epoch [30][100/230]	lr: 1.000e-04, eta: 0:35:30, time: 0.113, data_time: 0.022, memory: 873, loss: 0.8300
2023-02-07 12:16:18,445 - mmcls - INFO - Epoch [30][200/230]	lr: 1.000e-04, eta: 0:34:59, time: 0.112, data_time: 0.034, memory: 873, loss: 0.8412
2023-02-07 12:16:21,153 - mmcls - INFO - Saving checkpoint at 30 epochs
2023-02-07 12:16:27,511 - mmcls - INFO - Epoch(val) [30][58]	accuracy_top-1: 81.8231, accuracy_top-5: 99.1319
2023-02-07 12:16:38,910 - mmcls - INFO - Epoch [31][100/230]	lr: 1.000e-04, eta: 0:34:16, time: 0.113, data_time: 0.023, memory: 873, loss: 0.8188
2023-02-07 12:16:49,921 - mmcls - INFO - Epoch [31][200/230]	lr: 1.000e-04, eta: 0:33:46, time: 0.110, data_time: 0.032, memory: 873, loss: 0.8444
2023-02-07 12:16:52,624 - mmcls - INFO - Saving checkpoint at 31 epochs
2023-02-07 12:16:58,747 - mmcls - INFO - Epoch(val) [31][58]	accuracy_top-1: 81.7146, accuracy_top-5: 99.2404
2023-02-07 12:17:10,285 - mmcls - INFO - Epoch [32][100/230]	lr: 1.000e-04, eta: 0:33:05, time: 0.115, data_time: 0.029, memory: 873, loss: 0.8204
2023-02-07 12:17:21,454 - mmcls - INFO - Epoch [32][200/230]	lr: 1.000e-04, eta: 0:32:37, time: 0.112, data_time: 0.031, memory: 873, loss: 0.8301
2023-02-07 12:17:24,162 - mmcls - INFO - Saving checkpoint at 32 epochs
2023-02-07 12:17:30,388 - mmcls - INFO - Epoch(val) [32][58]	accuracy_top-1: 82.0402, accuracy_top-5: 99.2946
2023-02-07 12:17:41,733 - mmcls - INFO - Epoch [33][100/230]	lr: 1.000e-04, eta: 0:31:57, time: 0.113, data_time: 0.024, memory: 873, loss: 0.8411
2023-02-07 12:17:52,832 - mmcls - INFO - Epoch [33][200/230]	lr: 1.000e-04, eta: 0:31:30, time: 0.111, data_time: 0.031, memory: 873, loss: 0.7702
2023-02-07 12:17:55,556 - mmcls - INFO - Saving checkpoint at 33 epochs
2023-02-07 12:18:02,013 - mmcls - INFO - Epoch(val) [33][58]	accuracy_top-1: 82.0944, accuracy_top-5: 99.2946
2023-02-07 12:18:13,386 - mmcls - INFO - Epoch [34][100/230]	lr: 1.000e-04, eta: 0:30:52, time: 0.113, data_time: 0.023, memory: 873, loss: 0.7690
2023-02-07 12:18:24,462 - mmcls - INFO - Epoch [34][200/230]	lr: 1.000e-04, eta: 0:30:26, time: 0.111, data_time: 0.030, memory: 873, loss: 0.7826
2023-02-07 12:18:27,152 - mmcls - INFO - Saving checkpoint at 34 epochs
2023-02-07 12:18:33,529 - mmcls - INFO - Epoch(val) [34][58]	accuracy_top-1: 82.0402, accuracy_top-5: 99.2946
2023-02-07 12:18:44,919 - mmcls - INFO - Epoch [35][100/230]	lr: 1.000e-04, eta: 0:29:49, time: 0.113, data_time: 0.028, memory: 873, loss: 0.7876
2023-02-07 12:18:56,092 - mmcls - INFO - Epoch [35][200/230]	lr: 1.000e-04, eta: 0:29:24, time: 0.112, data_time: 0.034, memory: 873, loss: 0.8226
2023-02-07 12:18:58,784 - mmcls - INFO - Saving checkpoint at 35 epochs
2023-02-07 12:19:05,303 - mmcls - INFO - Epoch(val) [35][58]	accuracy_top-1: 81.4976, accuracy_top-5: 99.2404
2023-02-07 12:19:16,676 - mmcls - INFO - Epoch [36][100/230]	lr: 1.000e-04, eta: 0:28:49, time: 0.113, data_time: 0.034, memory: 873, loss: 0.7929
2023-02-07 12:19:27,814 - mmcls - INFO - Epoch [36][200/230]	lr: 1.000e-04, eta: 0:28:25, time: 0.111, data_time: 0.033, memory: 873, loss: 0.7974
2023-02-07 12:19:30,520 - mmcls - INFO - Saving checkpoint at 36 epochs
2023-02-07 12:19:37,156 - mmcls - INFO - Epoch(val) [36][58]	accuracy_top-1: 81.7689, accuracy_top-5: 99.1861
2023-02-07 12:19:48,540 - mmcls - INFO - Epoch [37][100/230]	lr: 1.000e-04, eta: 0:27:50, time: 0.113, data_time: 0.022, memory: 873, loss: 0.7841
2023-02-07 12:19:59,667 - mmcls - INFO - Epoch [37][200/230]	lr: 1.000e-04, eta: 0:27:27, time: 0.111, data_time: 0.030, memory: 873, loss: 0.8101
2023-02-07 12:20:02,385 - mmcls - INFO - Saving checkpoint at 37 epochs
2023-02-07 12:20:08,602 - mmcls - INFO - Epoch(val) [37][58]	accuracy_top-1: 81.5518, accuracy_top-5: 99.3489
2023-02-07 12:20:20,090 - mmcls - INFO - Epoch [38][100/230]	lr: 1.000e-04, eta: 0:26:54, time: 0.114, data_time: 0.031, memory: 873, loss: 0.7659
2023-02-07 12:20:31,216 - mmcls - INFO - Epoch [38][200/230]	lr: 1.000e-04, eta: 0:26:31, time: 0.111, data_time: 0.028, memory: 873, loss: 0.7963
2023-02-07 12:20:33,912 - mmcls - INFO - Saving checkpoint at 38 epochs
2023-02-07 12:20:40,268 - mmcls - INFO - Epoch(val) [38][58]	accuracy_top-1: 82.2572, accuracy_top-5: 99.3489
2023-02-07 12:20:51,603 - mmcls - INFO - Epoch [39][100/230]	lr: 1.000e-04, eta: 0:25:59, time: 0.113, data_time: 0.025, memory: 873, loss: 0.8109
2023-02-07 12:21:02,608 - mmcls - INFO - Epoch [39][200/230]	lr: 1.000e-04, eta: 0:25:37, time: 0.110, data_time: 0.029, memory: 873, loss: 0.7819
2023-02-07 12:21:05,318 - mmcls - INFO - Saving checkpoint at 39 epochs
2023-02-07 12:21:11,694 - mmcls - INFO - Epoch(val) [39][58]	accuracy_top-1: 82.2029, accuracy_top-5: 99.1319
2023-02-07 12:21:23,083 - mmcls - INFO - Epoch [40][100/230]	lr: 1.000e-04, eta: 0:25:06, time: 0.113, data_time: 0.023, memory: 873, loss: 0.7622
2023-02-07 12:21:34,235 - mmcls - INFO - Epoch [40][200/230]	lr: 1.000e-04, eta: 0:24:45, time: 0.111, data_time: 0.032, memory: 873, loss: 0.8078
2023-02-07 12:21:36,936 - mmcls - INFO - Saving checkpoint at 40 epochs
2023-02-07 12:21:43,387 - mmcls - INFO - Epoch(val) [40][58]	accuracy_top-1: 82.6370, accuracy_top-5: 99.1861
2023-02-07 12:21:54,913 - mmcls - INFO - Epoch [41][100/230]	lr: 1.000e-04, eta: 0:24:15, time: 0.115, data_time: 0.030, memory: 873, loss: 0.7547
2023-02-07 12:22:05,997 - mmcls - INFO - Epoch [41][200/230]	lr: 1.000e-04, eta: 0:23:54, time: 0.111, data_time: 0.032, memory: 873, loss: 0.7612
2023-02-07 12:22:08,729 - mmcls - INFO - Saving checkpoint at 41 epochs
2023-02-07 12:22:15,148 - mmcls - INFO - Epoch(val) [41][58]	accuracy_top-1: 82.8540, accuracy_top-5: 99.3489
2023-02-07 12:22:26,548 - mmcls - INFO - Epoch [42][100/230]	lr: 1.000e-04, eta: 0:23:25, time: 0.114, data_time: 0.023, memory: 873, loss: 0.7577
2023-02-07 12:22:37,578 - mmcls - INFO - Epoch [42][200/230]	lr: 1.000e-04, eta: 0:23:04, time: 0.110, data_time: 0.034, memory: 873, loss: 0.7792
2023-02-07 12:22:40,287 - mmcls - INFO - Saving checkpoint at 42 epochs
2023-02-07 12:22:46,528 - mmcls - INFO - Epoch(val) [42][58]	accuracy_top-1: 82.9626, accuracy_top-5: 99.4031
2023-02-07 12:22:57,926 - mmcls - INFO - Epoch [43][100/230]	lr: 1.000e-04, eta: 0:22:36, time: 0.113, data_time: 0.025, memory: 873, loss: 0.7629
2023-02-07 12:23:09,008 - mmcls - INFO - Epoch [43][200/230]	lr: 1.000e-04, eta: 0:22:16, time: 0.111, data_time: 0.032, memory: 873, loss: 0.7931
2023-02-07 12:23:11,720 - mmcls - INFO - Saving checkpoint at 43 epochs
2023-02-07 12:23:18,154 - mmcls - INFO - Epoch(val) [43][58]	accuracy_top-1: 82.9626, accuracy_top-5: 99.5117
2023-02-07 12:23:29,534 - mmcls - INFO - Epoch [44][100/230]	lr: 1.000e-04, eta: 0:21:48, time: 0.113, data_time: 0.022, memory: 873, loss: 0.7846
2023-02-07 12:23:40,576 - mmcls - INFO - Epoch [44][200/230]	lr: 1.000e-04, eta: 0:21:29, time: 0.111, data_time: 0.034, memory: 873, loss: 0.7460
2023-02-07 12:23:43,308 - mmcls - INFO - Saving checkpoint at 44 epochs
2023-02-07 12:23:49,607 - mmcls - INFO - Epoch(val) [44][58]	accuracy_top-1: 83.3424, accuracy_top-5: 99.3489
2023-02-07 12:24:01,148 - mmcls - INFO - Epoch [45][100/230]	lr: 1.000e-04, eta: 0:21:02, time: 0.115, data_time: 0.030, memory: 873, loss: 0.7326
2023-02-07 12:24:12,347 - mmcls - INFO - Epoch [45][200/230]	lr: 1.000e-04, eta: 0:20:43, time: 0.112, data_time: 0.037, memory: 873, loss: 0.7548
2023-02-07 12:24:15,045 - mmcls - INFO - Saving checkpoint at 45 epochs
2023-02-07 12:24:21,355 - mmcls - INFO - Epoch(val) [45][58]	accuracy_top-1: 83.0711, accuracy_top-5: 99.4031
2023-02-07 12:24:32,754 - mmcls - INFO - Epoch [46][100/230]	lr: 1.000e-04, eta: 0:20:16, time: 0.114, data_time: 0.023, memory: 873, loss: 0.7162
2023-02-07 12:24:43,923 - mmcls - INFO - Epoch [46][200/230]	lr: 1.000e-04, eta: 0:19:58, time: 0.112, data_time: 0.037, memory: 873, loss: 0.7420
2023-02-07 12:24:46,637 - mmcls - INFO - Saving checkpoint at 46 epochs
2023-02-07 12:24:53,115 - mmcls - INFO - Epoch(val) [46][58]	accuracy_top-1: 83.3966, accuracy_top-5: 99.5117
2023-02-07 12:25:04,461 - mmcls - INFO - Epoch [47][100/230]	lr: 1.000e-04, eta: 0:19:32, time: 0.113, data_time: 0.024, memory: 873, loss: 0.7226
2023-02-07 12:25:15,706 - mmcls - INFO - Epoch [47][200/230]	lr: 1.000e-04, eta: 0:19:14, time: 0.112, data_time: 0.034, memory: 873, loss: 0.6995
2023-02-07 12:25:18,417 - mmcls - INFO - Saving checkpoint at 47 epochs
2023-02-07 12:25:24,528 - mmcls - INFO - Epoch(val) [47][58]	accuracy_top-1: 83.6137, accuracy_top-5: 99.5117
2023-02-07 12:25:36,052 - mmcls - INFO - Epoch [48][100/230]	lr: 1.000e-04, eta: 0:18:49, time: 0.115, data_time: 0.031, memory: 873, loss: 0.7382
2023-02-07 12:25:47,175 - mmcls - INFO - Epoch [48][200/230]	lr: 1.000e-04, eta: 0:18:31, time: 0.111, data_time: 0.034, memory: 873, loss: 0.7400
2023-02-07 12:25:49,882 - mmcls - INFO - Saving checkpoint at 48 epochs
2023-02-07 12:25:56,182 - mmcls - INFO - Epoch(val) [48][58]	accuracy_top-1: 83.7222, accuracy_top-5: 99.4574
2023-02-07 12:26:07,563 - mmcls - INFO - Epoch [49][100/230]	lr: 1.000e-04, eta: 0:18:06, time: 0.113, data_time: 0.023, memory: 873, loss: 0.7285
2023-02-07 12:26:18,693 - mmcls - INFO - Epoch [49][200/230]	lr: 1.000e-04, eta: 0:17:49, time: 0.111, data_time: 0.036, memory: 873, loss: 0.7261
2023-02-07 12:26:21,429 - mmcls - INFO - Saving checkpoint at 49 epochs
2023-02-07 12:26:27,569 - mmcls - INFO - Epoch(val) [49][58]	accuracy_top-1: 82.8540, accuracy_top-5: 99.4574
2023-02-07 12:26:39,047 - mmcls - INFO - Epoch [50][100/230]	lr: 1.000e-04, eta: 0:17:24, time: 0.113, data_time: 0.028, memory: 873, loss: 0.6903
2023-02-07 12:26:50,164 - mmcls - INFO - Epoch [50][200/230]	lr: 1.000e-04, eta: 0:17:07, time: 0.111, data_time: 0.037, memory: 873, loss: 0.7403
2023-02-07 12:26:52,870 - mmcls - INFO - Saving checkpoint at 50 epochs
2023-02-07 12:26:58,907 - mmcls - INFO - Epoch(val) [50][58]	accuracy_top-1: 83.9935, accuracy_top-5: 99.4031
2023-02-07 12:27:10,455 - mmcls - INFO - Epoch [51][100/230]	lr: 1.000e-04, eta: 0:16:43, time: 0.115, data_time: 0.030, memory: 873, loss: 0.7166
2023-02-07 12:27:21,618 - mmcls - INFO - Epoch [51][200/230]	lr: 1.000e-04, eta: 0:16:26, time: 0.112, data_time: 0.034, memory: 873, loss: 0.7212
2023-02-07 12:27:24,315 - mmcls - INFO - Saving checkpoint at 51 epochs
2023-02-07 12:27:30,685 - mmcls - INFO - Epoch(val) [51][58]	accuracy_top-1: 83.6137, accuracy_top-5: 99.4574
2023-02-07 12:27:42,033 - mmcls - INFO - Epoch [52][100/230]	lr: 1.000e-04, eta: 0:16:03, time: 0.113, data_time: 0.024, memory: 873, loss: 0.7121
2023-02-07 12:27:53,130 - mmcls - INFO - Epoch [52][200/230]	lr: 1.000e-04, eta: 0:15:46, time: 0.111, data_time: 0.030, memory: 873, loss: 0.7106
2023-02-07 12:27:55,836 - mmcls - INFO - Saving checkpoint at 52 epochs
2023-02-07 12:28:02,551 - mmcls - INFO - Epoch(val) [52][58]	accuracy_top-1: 83.7765, accuracy_top-5: 99.5117
2023-02-07 12:28:13,897 - mmcls - INFO - Epoch [53][100/230]	lr: 1.000e-04, eta: 0:15:23, time: 0.113, data_time: 0.035, memory: 873, loss: 0.7266
2023-02-07 12:28:25,147 - mmcls - INFO - Epoch [53][200/230]	lr: 1.000e-04, eta: 0:15:07, time: 0.112, data_time: 0.031, memory: 873, loss: 0.7239
2023-02-07 12:28:27,847 - mmcls - INFO - Saving checkpoint at 53 epochs
2023-02-07 12:28:34,424 - mmcls - INFO - Epoch(val) [53][58]	accuracy_top-1: 83.8850, accuracy_top-5: 99.5117
2023-02-07 12:28:45,781 - mmcls - INFO - Epoch [54][100/230]	lr: 1.000e-04, eta: 0:14:44, time: 0.113, data_time: 0.028, memory: 873, loss: 0.6906
2023-02-07 12:28:56,898 - mmcls - INFO - Epoch [54][200/230]	lr: 1.000e-04, eta: 0:14:28, time: 0.111, data_time: 0.030, memory: 873, loss: 0.7024
2023-02-07 12:28:59,588 - mmcls - INFO - Saving checkpoint at 54 epochs
2023-02-07 12:29:05,997 - mmcls - INFO - Epoch(val) [54][58]	accuracy_top-1: 84.3733, accuracy_top-5: 99.6202
2023-02-07 12:29:17,414 - mmcls - INFO - Epoch [55][100/230]	lr: 1.000e-04, eta: 0:14:06, time: 0.114, data_time: 0.032, memory: 873, loss: 0.7001
2023-02-07 12:29:28,601 - mmcls - INFO - Epoch [55][200/230]	lr: 1.000e-04, eta: 0:13:50, time: 0.112, data_time: 0.030, memory: 873, loss: 0.6818
2023-02-07 12:29:31,299 - mmcls - INFO - Saving checkpoint at 55 epochs
2023-02-07 12:29:37,674 - mmcls - INFO - Epoch(val) [55][58]	accuracy_top-1: 83.7765, accuracy_top-5: 99.6202
2023-02-07 12:29:49,242 - mmcls - INFO - Epoch [56][100/230]	lr: 1.000e-04, eta: 0:13:28, time: 0.115, data_time: 0.027, memory: 873, loss: 0.6790
2023-02-07 12:30:00,314 - mmcls - INFO - Epoch [56][200/230]	lr: 1.000e-04, eta: 0:13:12, time: 0.111, data_time: 0.036, memory: 873, loss: 0.7104
2023-02-07 12:30:03,018 - mmcls - INFO - Saving checkpoint at 56 epochs
2023-02-07 12:30:09,443 - mmcls - INFO - Epoch(val) [56][58]	accuracy_top-1: 83.7222, accuracy_top-5: 99.5117
2023-02-07 12:30:21,057 - mmcls - INFO - Epoch [57][100/230]	lr: 1.000e-04, eta: 0:12:51, time: 0.116, data_time: 0.034, memory: 873, loss: 0.7100
2023-02-07 12:30:32,132 - mmcls - INFO - Epoch [57][200/230]	lr: 1.000e-04, eta: 0:12:35, time: 0.111, data_time: 0.031, memory: 873, loss: 0.6883
2023-02-07 12:30:34,827 - mmcls - INFO - Saving checkpoint at 57 epochs
2023-02-07 12:30:41,288 - mmcls - INFO - Epoch(val) [57][58]	accuracy_top-1: 83.8850, accuracy_top-5: 99.5659
2023-02-07 12:30:52,677 - mmcls - INFO - Epoch [58][100/230]	lr: 1.000e-04, eta: 0:12:14, time: 0.113, data_time: 0.031, memory: 873, loss: 0.7052
2023-02-07 12:31:03,932 - mmcls - INFO - Epoch [58][200/230]	lr: 1.000e-04, eta: 0:11:59, time: 0.113, data_time: 0.036, memory: 873, loss: 0.6841
2023-02-07 12:31:06,626 - mmcls - INFO - Saving checkpoint at 58 epochs
2023-02-07 12:31:13,056 - mmcls - INFO - Epoch(val) [58][58]	accuracy_top-1: 83.5052, accuracy_top-5: 99.4574
2023-02-07 12:31:24,469 - mmcls - INFO - Epoch [59][100/230]	lr: 1.000e-04, eta: 0:11:38, time: 0.114, data_time: 0.032, memory: 873, loss: 0.6738
2023-02-07 12:31:35,609 - mmcls - INFO - Epoch [59][200/230]	lr: 1.000e-04, eta: 0:11:23, time: 0.111, data_time: 0.029, memory: 873, loss: 0.7209
2023-02-07 12:31:38,298 - mmcls - INFO - Saving checkpoint at 59 epochs
2023-02-07 12:31:44,752 - mmcls - INFO - Epoch(val) [59][58]	accuracy_top-1: 84.4276, accuracy_top-5: 99.4031
2023-02-07 12:31:56,347 - mmcls - INFO - Epoch [60][100/230]	lr: 1.000e-04, eta: 0:11:02, time: 0.115, data_time: 0.035, memory: 873, loss: 0.6731
2023-02-07 12:32:07,485 - mmcls - INFO - Epoch [60][200/230]	lr: 1.000e-04, eta: 0:10:47, time: 0.111, data_time: 0.034, memory: 873, loss: 0.7037
2023-02-07 12:32:10,207 - mmcls - INFO - Saving checkpoint at 60 epochs
2023-02-07 12:32:16,583 - mmcls - INFO - Epoch(val) [60][58]	accuracy_top-1: 83.8307, accuracy_top-5: 99.5117
2023-02-07 12:32:28,001 - mmcls - INFO - Epoch [61][100/230]	lr: 1.000e-04, eta: 0:10:27, time: 0.114, data_time: 0.024, memory: 873, loss: 0.6982
2023-02-07 12:32:39,161 - mmcls - INFO - Epoch [61][200/230]	lr: 1.000e-04, eta: 0:10:12, time: 0.111, data_time: 0.030, memory: 873, loss: 0.6718
2023-02-07 12:32:41,870 - mmcls - INFO - Saving checkpoint at 61 epochs
2023-02-07 12:32:48,620 - mmcls - INFO - Epoch(val) [61][58]	accuracy_top-1: 83.8850, accuracy_top-5: 99.5117
2023-02-07 12:33:00,003 - mmcls - INFO - Epoch [62][100/230]	lr: 1.000e-04, eta: 0:09:52, time: 0.113, data_time: 0.023, memory: 873, loss: 0.6591
2023-02-07 12:33:11,103 - mmcls - INFO - Epoch [62][200/230]	lr: 1.000e-04, eta: 0:09:37, time: 0.111, data_time: 0.035, memory: 873, loss: 0.7072
2023-02-07 12:33:13,825 - mmcls - INFO - Saving checkpoint at 62 epochs
2023-02-07 12:33:20,603 - mmcls - INFO - Epoch(val) [62][58]	accuracy_top-1: 83.7765, accuracy_top-5: 99.2404
2023-02-07 12:33:32,046 - mmcls - INFO - Epoch [63][100/230]	lr: 1.000e-04, eta: 0:09:17, time: 0.114, data_time: 0.035, memory: 873, loss: 0.6488
2023-02-07 12:33:43,195 - mmcls - INFO - Epoch [63][200/230]	lr: 1.000e-04, eta: 0:09:03, time: 0.111, data_time: 0.035, memory: 873, loss: 0.6519
2023-02-07 12:33:45,910 - mmcls - INFO - Saving checkpoint at 63 epochs
2023-02-07 12:33:52,996 - mmcls - INFO - Epoch(val) [63][58]	accuracy_top-1: 84.4276, accuracy_top-5: 99.5117
2023-02-07 12:34:04,463 - mmcls - INFO - Epoch [64][100/230]	lr: 1.000e-04, eta: 0:08:43, time: 0.114, data_time: 0.025, memory: 873, loss: 0.6613
2023-02-07 12:34:15,400 - mmcls - INFO - Epoch [64][200/230]	lr: 1.000e-04, eta: 0:08:29, time: 0.109, data_time: 0.033, memory: 873, loss: 0.6617
2023-02-07 12:34:18,107 - mmcls - INFO - Saving checkpoint at 64 epochs
2023-02-07 12:34:24,771 - mmcls - INFO - Epoch(val) [64][58]	accuracy_top-1: 83.7765, accuracy_top-5: 99.5659
2023-02-07 12:34:36,520 - mmcls - INFO - Epoch [65][100/230]	lr: 1.000e-04, eta: 0:08:09, time: 0.117, data_time: 0.039, memory: 873, loss: 0.6663
2023-02-07 12:34:47,574 - mmcls - INFO - Epoch [65][200/230]	lr: 1.000e-04, eta: 0:07:55, time: 0.111, data_time: 0.035, memory: 873, loss: 0.6895
2023-02-07 12:34:50,292 - mmcls - INFO - Saving checkpoint at 65 epochs
2023-02-07 12:34:57,188 - mmcls - INFO - Epoch(val) [65][58]	accuracy_top-1: 84.2105, accuracy_top-5: 99.2946
2023-02-07 12:35:08,822 - mmcls - INFO - Epoch [66][100/230]	lr: 1.000e-04, eta: 0:07:36, time: 0.116, data_time: 0.032, memory: 873, loss: 0.6620
2023-02-07 12:35:19,747 - mmcls - INFO - Epoch [66][200/230]	lr: 1.000e-04, eta: 0:07:22, time: 0.109, data_time: 0.029, memory: 873, loss: 0.6681
2023-02-07 12:35:22,468 - mmcls - INFO - Saving checkpoint at 66 epochs
2023-02-07 12:35:29,254 - mmcls - INFO - Epoch(val) [66][58]	accuracy_top-1: 84.6989, accuracy_top-5: 99.6202
2023-02-07 12:35:40,986 - mmcls - INFO - Epoch [67][100/230]	lr: 1.000e-04, eta: 0:07:03, time: 0.117, data_time: 0.030, memory: 873, loss: 0.6619
2023-02-07 12:35:51,851 - mmcls - INFO - Epoch [67][200/230]	lr: 1.000e-04, eta: 0:06:49, time: 0.109, data_time: 0.034, memory: 873, loss: 0.6374
2023-02-07 12:35:54,563 - mmcls - INFO - Saving checkpoint at 67 epochs
2023-02-07 12:36:01,371 - mmcls - INFO - Epoch(val) [67][58]	accuracy_top-1: 83.9392, accuracy_top-5: 99.5659
2023-02-07 12:36:12,927 - mmcls - INFO - Epoch [68][100/230]	lr: 1.000e-04, eta: 0:06:30, time: 0.115, data_time: 0.025, memory: 873, loss: 0.6518
2023-02-07 12:36:23,904 - mmcls - INFO - Epoch [68][200/230]	lr: 1.000e-04, eta: 0:06:16, time: 0.110, data_time: 0.032, memory: 873, loss: 0.6545
2023-02-07 12:36:26,627 - mmcls - INFO - Saving checkpoint at 68 epochs
2023-02-07 12:36:33,464 - mmcls - INFO - Epoch(val) [68][58]	accuracy_top-1: 84.5361, accuracy_top-5: 99.5117
2023-02-07 12:36:44,864 - mmcls - INFO - Epoch [69][100/230]	lr: 1.000e-04, eta: 0:05:57, time: 0.113, data_time: 0.027, memory: 873, loss: 0.6452
2023-02-07 12:36:55,950 - mmcls - INFO - Epoch [69][200/230]	lr: 1.000e-04, eta: 0:05:44, time: 0.111, data_time: 0.034, memory: 873, loss: 0.6612
2023-02-07 12:36:58,683 - mmcls - INFO - Saving checkpoint at 69 epochs
2023-02-07 12:37:05,689 - mmcls - INFO - Epoch(val) [69][58]	accuracy_top-1: 84.8074, accuracy_top-5: 99.4031
2023-02-07 12:37:17,257 - mmcls - INFO - Epoch [70][100/230]	lr: 1.000e-04, eta: 0:05:25, time: 0.115, data_time: 0.025, memory: 873, loss: 0.6231
2023-02-07 12:37:28,211 - mmcls - INFO - Epoch [70][200/230]	lr: 1.000e-04, eta: 0:05:11, time: 0.110, data_time: 0.034, memory: 873, loss: 0.6661
2023-02-07 12:37:30,923 - mmcls - INFO - Saving checkpoint at 70 epochs
2023-02-07 12:37:37,619 - mmcls - INFO - Epoch(val) [70][58]	accuracy_top-1: 84.6446, accuracy_top-5: 99.5117
2023-02-07 12:37:49,044 - mmcls - INFO - Epoch [71][100/230]	lr: 1.000e-04, eta: 0:04:53, time: 0.114, data_time: 0.023, memory: 873, loss: 0.6439
2023-02-07 12:37:59,990 - mmcls - INFO - Epoch [71][200/230]	lr: 1.000e-04, eta: 0:04:40, time: 0.110, data_time: 0.034, memory: 873, loss: 0.6192
2023-02-07 12:38:02,693 - mmcls - INFO - Saving checkpoint at 71 epochs
2023-02-07 12:38:09,574 - mmcls - INFO - Epoch(val) [71][58]	accuracy_top-1: 84.6989, accuracy_top-5: 99.5117
2023-02-07 12:38:20,944 - mmcls - INFO - Epoch [72][100/230]	lr: 1.000e-04, eta: 0:04:21, time: 0.113, data_time: 0.026, memory: 873, loss: 0.6433
2023-02-07 12:38:32,020 - mmcls - INFO - Epoch [72][200/230]	lr: 1.000e-04, eta: 0:04:08, time: 0.111, data_time: 0.034, memory: 873, loss: 0.6568
2023-02-07 12:38:34,739 - mmcls - INFO - Saving checkpoint at 72 epochs
2023-02-07 12:38:41,523 - mmcls - INFO - Epoch(val) [72][58]	accuracy_top-1: 84.9702, accuracy_top-5: 99.4031
2023-02-07 12:38:52,890 - mmcls - INFO - Epoch [73][100/230]	lr: 1.000e-04, eta: 0:03:50, time: 0.113, data_time: 0.028, memory: 873, loss: 0.6337
2023-02-07 12:39:03,914 - mmcls - INFO - Epoch [73][200/230]	lr: 1.000e-04, eta: 0:03:37, time: 0.110, data_time: 0.035, memory: 873, loss: 0.6460
2023-02-07 12:39:06,632 - mmcls - INFO - Saving checkpoint at 73 epochs
2023-02-07 12:39:13,477 - mmcls - INFO - Epoch(val) [73][58]	accuracy_top-1: 84.9159, accuracy_top-5: 99.5117
2023-02-07 12:39:24,866 - mmcls - INFO - Epoch [74][100/230]	lr: 1.000e-04, eta: 0:03:19, time: 0.113, data_time: 0.024, memory: 873, loss: 0.6398
2023-02-07 12:39:35,949 - mmcls - INFO - Epoch [74][200/230]	lr: 1.000e-04, eta: 0:03:05, time: 0.111, data_time: 0.031, memory: 873, loss: 0.6421
2023-02-07 12:39:38,665 - mmcls - INFO - Saving checkpoint at 74 epochs
2023-02-07 12:39:45,480 - mmcls - INFO - Epoch(val) [74][58]	accuracy_top-1: 85.2415, accuracy_top-5: 99.3489
2023-02-07 12:39:57,355 - mmcls - INFO - Epoch [75][100/230]	lr: 1.000e-04, eta: 0:02:48, time: 0.118, data_time: 0.034, memory: 873, loss: 0.6360
2023-02-07 12:40:08,158 - mmcls - INFO - Epoch [75][200/230]	lr: 1.000e-04, eta: 0:02:35, time: 0.108, data_time: 0.027, memory: 873, loss: 0.6324
2023-02-07 12:40:10,873 - mmcls - INFO - Saving checkpoint at 75 epochs
2023-02-07 12:40:18,020 - mmcls - INFO - Epoch(val) [75][58]	accuracy_top-1: 85.0787, accuracy_top-5: 99.6202
2023-02-07 12:40:29,588 - mmcls - INFO - Epoch [76][100/230]	lr: 1.000e-04, eta: 0:02:17, time: 0.115, data_time: 0.025, memory: 873, loss: 0.6333
2023-02-07 12:40:40,571 - mmcls - INFO - Epoch [76][200/230]	lr: 1.000e-04, eta: 0:02:04, time: 0.110, data_time: 0.028, memory: 873, loss: 0.6369
2023-02-07 12:40:43,279 - mmcls - INFO - Saving checkpoint at 76 epochs
2023-02-07 12:40:50,106 - mmcls - INFO - Epoch(val) [76][58]	accuracy_top-1: 85.0244, accuracy_top-5: 99.4574
2023-02-07 12:41:01,858 - mmcls - INFO - Epoch [77][100/230]	lr: 1.000e-04, eta: 0:01:47, time: 0.117, data_time: 0.033, memory: 873, loss: 0.6231
2023-02-07 12:41:12,709 - mmcls - INFO - Epoch [77][200/230]	lr: 1.000e-04, eta: 0:01:34, time: 0.109, data_time: 0.029, memory: 873, loss: 0.6064
2023-02-07 12:41:15,435 - mmcls - INFO - Saving checkpoint at 77 epochs
2023-02-07 12:41:22,415 - mmcls - INFO - Epoch(val) [77][58]	accuracy_top-1: 85.1872, accuracy_top-5: 99.2946
2023-02-07 12:41:33,980 - mmcls - INFO - Epoch [78][100/230]	lr: 1.000e-04, eta: 0:01:16, time: 0.115, data_time: 0.028, memory: 873, loss: 0.6094
2023-02-07 12:41:44,969 - mmcls - INFO - Epoch [78][200/230]	lr: 1.000e-04, eta: 0:01:03, time: 0.110, data_time: 0.035, memory: 873, loss: 0.6139
2023-02-07 12:41:47,693 - mmcls - INFO - Saving checkpoint at 78 epochs
2023-02-07 12:41:55,180 - mmcls - INFO - Epoch(val) [78][58]	accuracy_top-1: 85.0244, accuracy_top-5: 99.5659
2023-02-07 12:42:06,797 - mmcls - INFO - Epoch [79][100/230]	lr: 1.000e-04, eta: 0:00:46, time: 0.116, data_time: 0.029, memory: 873, loss: 0.6077
2023-02-07 12:42:17,639 - mmcls - INFO - Epoch [79][200/230]	lr: 1.000e-04, eta: 0:00:33, time: 0.108, data_time: 0.031, memory: 873, loss: 0.6384
2023-02-07 12:42:20,351 - mmcls - INFO - Saving checkpoint at 79 epochs
2023-02-07 12:42:27,411 - mmcls - INFO - Epoch(val) [79][58]	accuracy_top-1: 85.2957, accuracy_top-5: 99.1861
2023-02-07 12:42:38,923 - mmcls - INFO - Epoch [80][100/230]	lr: 1.000e-04, eta: 0:00:16, time: 0.115, data_time: 0.027, memory: 873, loss: 0.6199
2023-02-07 12:42:49,947 - mmcls - INFO - Epoch [80][200/230]	lr: 1.000e-04, eta: 0:00:03, time: 0.110, data_time: 0.031, memory: 873, loss: 0.6229
2023-02-07 12:42:52,672 - mmcls - INFO - Saving checkpoint at 80 epochs
2023-02-07 12:42:59,842 - mmcls - INFO - Epoch(val) [80][58]	accuracy_top-1: 85.0244, accuracy_top-5: 99.3489
