2023-02-06 09:17:53,208 - mmcls - INFO - Environment info:
------------------------------------------------------------
sys.platform: linux
Python: 3.8.10 (default, Nov 14 2022, 12:59:47) [GCC 9.4.0]
CUDA available: True
GPU 0: Tesla T4
CUDA_HOME: /usr/local/cuda
NVCC: Cuda compilation tools, release 11.2, V11.2.152
GCC: x86_64-linux-gnu-gcc (Ubuntu 9.4.0-1ubuntu1~20.04.1) 9.4.0
PyTorch: 1.13.1+cu116
PyTorch compiling details: PyTorch built with:
  - GCC 9.3
  - C++ Version: 201402
  - Intel(R) Math Kernel Library Version 2020.0.0 Product Build 20191122 for Intel(R) 64 architecture applications
  - Intel(R) MKL-DNN v2.6.0 (Git Hash 52b5f107dd9cf10910aaa19cb47f3abf9b349815)
  - OpenMP 201511 (a.k.a. OpenMP 4.5)
  - LAPACK is enabled (usually provided by MKL)
  - NNPACK is enabled
  - CPU capability usage: AVX2
  - CUDA Runtime 11.6
  - NVCC architecture flags: -gencode;arch=compute_37,code=sm_37;-gencode;arch=compute_50,code=sm_50;-gencode;arch=compute_60,code=sm_60;-gencode;arch=compute_70,code=sm_70;-gencode;arch=compute_75,code=sm_75;-gencode;arch=compute_80,code=sm_80;-gencode;arch=compute_86,code=sm_86
  - CuDNN 8.3.2  (built against CUDA 11.5)
  - Magma 2.6.1
  - Build settings: BLAS_INFO=mkl, BUILD_TYPE=Release, CUDA_VERSION=11.6, CUDNN_VERSION=8.3.2, CXX_COMPILER=/opt/rh/devtoolset-9/root/usr/bin/c++, CXX_FLAGS= -fabi-version=11 -Wno-deprecated -fvisibility-inlines-hidden -DUSE_PTHREADPOOL -fopenmp -DNDEBUG -DUSE_KINETO -DUSE_FBGEMM -DUSE_QNNPACK -DUSE_PYTORCH_QNNPACK -DUSE_XNNPACK -DSYMBOLICATE_MOBILE_DEBUG_HANDLE -DEDGE_PROFILER_USE_KINETO -O2 -fPIC -Wno-narrowing -Wall -Wextra -Werror=return-type -Werror=non-virtual-dtor -Wno-missing-field-initializers -Wno-type-limits -Wno-array-bounds -Wno-unknown-pragmas -Wunused-local-typedefs -Wno-unused-parameter -Wno-unused-function -Wno-unused-result -Wno-strict-overflow -Wno-strict-aliasing -Wno-error=deprecated-declarations -Wno-stringop-overflow -Wno-psabi -Wno-error=pedantic -Wno-error=redundant-decls -Wno-error=old-style-cast -fdiagnostics-color=always -faligned-new -Wno-unused-but-set-variable -Wno-maybe-uninitialized -fno-math-errno -fno-trapping-math -Werror=format -Werror=cast-function-type -Wno-stringop-overflow, LAPACK_INFO=mkl, PERF_WITH_AVX=1, PERF_WITH_AVX2=1, PERF_WITH_AVX512=1, TORCH_VERSION=1.13.1, USE_CUDA=ON, USE_CUDNN=ON, USE_EXCEPTION_PTR=1, USE_GFLAGS=OFF, USE_GLOG=OFF, USE_MKL=ON, USE_MKLDNN=ON, USE_MPI=OFF, USE_NCCL=ON, USE_NNPACK=ON, USE_OPENMP=ON, USE_ROCM=OFF, 

TorchVision: 0.14.1+cu116
OpenCV: 4.6.0
MMCV: 1.7.1
MMCV Compiler: GCC 9.3
MMCV CUDA Compiler: 11.6
MMClassification: 0.25.0+
------------------------------------------------------------

2023-02-06 09:17:53,214 - mmcls - INFO - Distributed training: False
2023-02-06 09:17:53,335 - mmcls - INFO - Config:
model = dict(
    type='ImageClassifier',
    backbone=dict(
        type='ResNet',
        depth=18,
        num_stages=4,
        out_indices=(3, ),
        style='pytorch'),
    neck=dict(type='GlobalAveragePooling'),
    head=dict(
        type='LinearClsHead',
        num_classes=5,
        in_channels=512,
        loss=dict(type='CrossEntropyLoss', loss_weight=1.0),
        topk=(1, )))
dataset_type = 'ImageNet'
img_norm_cfg = dict(
    mean=[123.675, 116.28, 103.53], std=[58.395, 57.12, 57.375], to_rgb=True)
train_pipeline = [
    dict(type='LoadImageFromFile'),
    dict(type='RandomResizedCrop', size=224),
    dict(type='RandomFlip', flip_prob=0.5, direction='horizontal'),
    dict(
        type='Normalize',
        mean=[123.675, 116.28, 103.53],
        std=[58.395, 57.12, 57.375],
        to_rgb=True),
    dict(type='ImageToTensor', keys=['img']),
    dict(type='ToTensor', keys=['gt_label']),
    dict(type='Collect', keys=['img', 'gt_label'])
]
test_pipeline = [
    dict(type='LoadImageFromFile'),
    dict(type='Resize', size=(256, -1)),
    dict(type='CenterCrop', crop_size=224),
    dict(
        type='Normalize',
        mean=[123.675, 116.28, 103.53],
        std=[58.395, 57.12, 57.375],
        to_rgb=True),
    dict(type='ImageToTensor', keys=['img']),
    dict(type='Collect', keys=['img'])
]
data = dict(
    samples_per_gpu=32,
    workers_per_gpu=2,
    train=dict(
        type='ImageNet',
        data_prefix='data/flower/train',
        pipeline=[
            dict(type='LoadImageFromFile'),
            dict(type='RandomResizedCrop', size=224),
            dict(type='RandomFlip', flip_prob=0.5, direction='horizontal'),
            dict(
                type='Normalize',
                mean=[123.675, 116.28, 103.53],
                std=[58.395, 57.12, 57.375],
                to_rgb=True),
            dict(type='ImageToTensor', keys=['img']),
            dict(type='ToTensor', keys=['gt_label']),
            dict(type='Collect', keys=['img', 'gt_label'])
        ],
        ann_file='data/flower/train.txt',
        classes='data/flower/classes.txt'),
    val=dict(
        type='ImageNet',
        data_prefix='data/flower/val',
        ann_file='data/flower/val.txt',
        pipeline=[
            dict(type='LoadImageFromFile'),
            dict(type='Resize', size=(256, -1)),
            dict(type='CenterCrop', crop_size=224),
            dict(
                type='Normalize',
                mean=[123.675, 116.28, 103.53],
                std=[58.395, 57.12, 57.375],
                to_rgb=True),
            dict(type='ImageToTensor', keys=['img']),
            dict(type='Collect', keys=['img'])
        ],
        classes='data/flower/classes.txt'),
    test=dict(
        type='ImageNet',
        data_prefix='data/imagenet/val',
        ann_file='data/imagenet/meta/val.txt',
        pipeline=[
            dict(type='LoadImageFromFile'),
            dict(type='Resize', size=(256, -1)),
            dict(type='CenterCrop', crop_size=224),
            dict(
                type='Normalize',
                mean=[123.675, 116.28, 103.53],
                std=[58.395, 57.12, 57.375],
                to_rgb=True),
            dict(type='ImageToTensor', keys=['img']),
            dict(type='Collect', keys=['img'])
        ]))
evaluation = dict(interval=1, metric='accuracy')
checkpoint_config = dict(interval=1)
log_config = dict(interval=100, hooks=[dict(type='TextLoggerHook')])
dist_params = dict(backend='nccl')
log_level = 'INFO'
load_from = '/content/drive/MyDrive/OpenMMLab/mmclassification/checkpoints/resnet18_batch256_imagenet_20200708-34ab8f90.pth'
resume_from = None
workflow = [('train', 1)]
optimizer = dict(type='SGD', lr=0.001, momentum=0.9, weight_decay=0.0001)
optimizer_config = dict(grad_clip=None)
lr_config = dict(policy='step', step=[1])
runner = dict(type='EpochBasedRunner', max_epochs=100)
work_dir = 'model/flower'
gpu_ids = [0]

2023-02-06 09:17:53,336 - mmcls - INFO - Set random seed to 1448687246, deterministic: False
2023-02-06 09:17:55,330 - mmcls - INFO - load checkpoint from local path: /content/drive/MyDrive/OpenMMLab/mmclassification/checkpoints/resnet18_batch256_imagenet_20200708-34ab8f90.pth
2023-02-06 09:17:55,406 - mmcls - WARNING - The model and loaded state dict do not match exactly

size mismatch for head.fc.weight: copying a param with shape torch.Size([1000, 512]) from checkpoint, the shape in current model is torch.Size([5, 512]).
size mismatch for head.fc.bias: copying a param with shape torch.Size([1000]) from checkpoint, the shape in current model is torch.Size([5]).
2023-02-06 09:17:55,407 - mmcls - INFO - Start running, host: root@0e8feee6f9ae, work_dir: /content/drive/MyDrive/OpenMMLab/mmclassification/model/flower
2023-02-06 09:17:55,407 - mmcls - INFO - Hooks will be executed in the following order:
before_run:
(VERY_HIGH   ) StepLrUpdaterHook                  
(NORMAL      ) CheckpointHook                     
(LOW         ) EvalHook                           
(VERY_LOW    ) TextLoggerHook                     
 -------------------- 
before_train_epoch:
(VERY_HIGH   ) StepLrUpdaterHook                  
(LOW         ) IterTimerHook                      
(LOW         ) EvalHook                           
(VERY_LOW    ) TextLoggerHook                     
 -------------------- 
before_train_iter:
(VERY_HIGH   ) StepLrUpdaterHook                  
(LOW         ) IterTimerHook                      
(LOW         ) EvalHook                           
 -------------------- 
after_train_iter:
(ABOVE_NORMAL) OptimizerHook                      
(NORMAL      ) CheckpointHook                     
(LOW         ) IterTimerHook                      
(LOW         ) EvalHook                           
(VERY_LOW    ) TextLoggerHook                     
 -------------------- 
after_train_epoch:
(NORMAL      ) CheckpointHook                     
(LOW         ) EvalHook                           
(VERY_LOW    ) TextLoggerHook                     
 -------------------- 
before_val_epoch:
(LOW         ) IterTimerHook                      
(VERY_LOW    ) TextLoggerHook                     
 -------------------- 
before_val_iter:
(LOW         ) IterTimerHook                      
 -------------------- 
after_val_iter:
(LOW         ) IterTimerHook                      
 -------------------- 
after_val_epoch:
(VERY_LOW    ) TextLoggerHook                     
 -------------------- 
after_run:
(VERY_LOW    ) TextLoggerHook                     
 -------------------- 
2023-02-06 09:17:55,408 - mmcls - INFO - workflow: [('train', 1)], max: 100 epochs
2023-02-06 09:17:55,408 - mmcls - INFO - Checkpoints will be saved to /content/drive/MyDrive/OpenMMLab/mmclassification/model/flower by HardDiskBackend.
2023-02-06 09:18:15,005 - mmcls - INFO - Saving checkpoint at 1 epochs
2023-02-06 09:18:18,496 - mmcls - INFO - Epoch(val) [1][18]	accuracy_top-1: 92.6573, accuracy_top-5: 100.0000
2023-02-06 09:18:31,412 - mmcls - INFO - Saving checkpoint at 2 epochs
2023-02-06 09:18:34,649 - mmcls - INFO - Epoch(val) [2][18]	accuracy_top-1: 91.9580, accuracy_top-5: 100.0000
2023-02-06 09:18:47,842 - mmcls - INFO - Saving checkpoint at 3 epochs
2023-02-06 09:18:50,903 - mmcls - INFO - Epoch(val) [3][18]	accuracy_top-1: 93.0070, accuracy_top-5: 100.0000
2023-02-06 09:19:03,850 - mmcls - INFO - Saving checkpoint at 4 epochs
2023-02-06 09:19:06,991 - mmcls - INFO - Epoch(val) [4][18]	accuracy_top-1: 93.0070, accuracy_top-5: 100.0000
2023-02-06 09:19:19,947 - mmcls - INFO - Saving checkpoint at 5 epochs
2023-02-06 09:19:22,908 - mmcls - INFO - Epoch(val) [5][18]	accuracy_top-1: 92.8322, accuracy_top-5: 100.0000
2023-02-06 09:19:36,008 - mmcls - INFO - Saving checkpoint at 6 epochs
2023-02-06 09:19:38,998 - mmcls - INFO - Epoch(val) [6][18]	accuracy_top-1: 93.0070, accuracy_top-5: 100.0000
2023-02-06 09:19:51,975 - mmcls - INFO - Saving checkpoint at 7 epochs
2023-02-06 09:19:55,032 - mmcls - INFO - Epoch(val) [7][18]	accuracy_top-1: 93.3566, accuracy_top-5: 100.0000
2023-02-06 09:20:07,878 - mmcls - INFO - Saving checkpoint at 8 epochs
2023-02-06 09:20:10,766 - mmcls - INFO - Epoch(val) [8][18]	accuracy_top-1: 93.7063, accuracy_top-5: 100.0000
2023-02-06 09:20:23,621 - mmcls - INFO - Saving checkpoint at 9 epochs
2023-02-06 09:20:26,595 - mmcls - INFO - Epoch(val) [9][18]	accuracy_top-1: 93.7063, accuracy_top-5: 100.0000
2023-02-06 09:20:39,732 - mmcls - INFO - Saving checkpoint at 10 epochs
2023-02-06 09:20:42,712 - mmcls - INFO - Epoch(val) [10][18]	accuracy_top-1: 93.8811, accuracy_top-5: 100.0000
2023-02-06 09:20:55,980 - mmcls - INFO - Saving checkpoint at 11 epochs
2023-02-06 09:20:58,991 - mmcls - INFO - Epoch(val) [11][18]	accuracy_top-1: 93.3566, accuracy_top-5: 100.0000
2023-02-06 09:21:11,926 - mmcls - INFO - Saving checkpoint at 12 epochs
2023-02-06 09:21:14,894 - mmcls - INFO - Epoch(val) [12][18]	accuracy_top-1: 94.0559, accuracy_top-5: 100.0000
2023-02-06 09:21:30,208 - mmcls - INFO - Saving checkpoint at 13 epochs
2023-02-06 09:21:33,215 - mmcls - INFO - Epoch(val) [13][18]	accuracy_top-1: 94.0559, accuracy_top-5: 100.0000
2023-02-06 09:21:46,085 - mmcls - INFO - Saving checkpoint at 14 epochs
2023-02-06 09:21:49,078 - mmcls - INFO - Epoch(val) [14][18]	accuracy_top-1: 93.7063, accuracy_top-5: 100.0000
2023-02-06 09:22:02,144 - mmcls - INFO - Saving checkpoint at 15 epochs
2023-02-06 09:22:05,165 - mmcls - INFO - Epoch(val) [15][18]	accuracy_top-1: 94.0559, accuracy_top-5: 100.0000
2023-02-06 09:22:18,325 - mmcls - INFO - Saving checkpoint at 16 epochs
2023-02-06 09:22:21,358 - mmcls - INFO - Epoch(val) [16][18]	accuracy_top-1: 93.5315, accuracy_top-5: 100.0000
2023-02-06 09:22:34,590 - mmcls - INFO - Saving checkpoint at 17 epochs
2023-02-06 09:22:37,586 - mmcls - INFO - Epoch(val) [17][18]	accuracy_top-1: 94.0559, accuracy_top-5: 100.0000
2023-02-06 09:22:50,613 - mmcls - INFO - Saving checkpoint at 18 epochs
2023-02-06 09:22:53,582 - mmcls - INFO - Epoch(val) [18][18]	accuracy_top-1: 93.7063, accuracy_top-5: 100.0000
2023-02-06 09:23:06,773 - mmcls - INFO - Saving checkpoint at 19 epochs
2023-02-06 09:23:09,743 - mmcls - INFO - Epoch(val) [19][18]	accuracy_top-1: 94.7552, accuracy_top-5: 100.0000
2023-02-06 09:23:22,818 - mmcls - INFO - Saving checkpoint at 20 epochs
2023-02-06 09:23:25,766 - mmcls - INFO - Epoch(val) [20][18]	accuracy_top-1: 93.3566, accuracy_top-5: 100.0000
2023-02-06 09:23:38,787 - mmcls - INFO - Saving checkpoint at 21 epochs
2023-02-06 09:23:41,713 - mmcls - INFO - Epoch(val) [21][18]	accuracy_top-1: 94.0559, accuracy_top-5: 100.0000
2023-02-06 09:23:54,760 - mmcls - INFO - Saving checkpoint at 22 epochs
2023-02-06 09:23:57,669 - mmcls - INFO - Epoch(val) [22][18]	accuracy_top-1: 93.8811, accuracy_top-5: 100.0000
2023-02-06 09:24:10,185 - mmcls - INFO - Saving checkpoint at 23 epochs
2023-02-06 09:24:13,136 - mmcls - INFO - Epoch(val) [23][18]	accuracy_top-1: 94.5804, accuracy_top-5: 100.0000
2023-02-06 09:24:26,027 - mmcls - INFO - Saving checkpoint at 24 epochs
2023-02-06 09:24:28,932 - mmcls - INFO - Epoch(val) [24][18]	accuracy_top-1: 94.5804, accuracy_top-5: 100.0000
2023-02-06 09:24:41,575 - mmcls - INFO - Saving checkpoint at 25 epochs
2023-02-06 09:24:44,516 - mmcls - INFO - Epoch(val) [25][18]	accuracy_top-1: 94.2308, accuracy_top-5: 100.0000
2023-02-06 09:24:57,557 - mmcls - INFO - Saving checkpoint at 26 epochs
2023-02-06 09:25:00,474 - mmcls - INFO - Epoch(val) [26][18]	accuracy_top-1: 95.1049, accuracy_top-5: 100.0000
2023-02-06 09:25:13,456 - mmcls - INFO - Saving checkpoint at 27 epochs
2023-02-06 09:25:16,474 - mmcls - INFO - Epoch(val) [27][18]	accuracy_top-1: 94.9301, accuracy_top-5: 100.0000
2023-02-06 09:25:31,308 - mmcls - INFO - Saving checkpoint at 28 epochs
2023-02-06 09:25:34,815 - mmcls - INFO - Epoch(val) [28][18]	accuracy_top-1: 93.7063, accuracy_top-5: 100.0000
2023-02-06 09:25:47,770 - mmcls - INFO - Saving checkpoint at 29 epochs
2023-02-06 09:25:50,706 - mmcls - INFO - Epoch(val) [29][18]	accuracy_top-1: 94.2308, accuracy_top-5: 100.0000
2023-02-06 09:26:03,371 - mmcls - INFO - Saving checkpoint at 30 epochs
2023-02-06 09:26:06,276 - mmcls - INFO - Epoch(val) [30][18]	accuracy_top-1: 94.2308, accuracy_top-5: 100.0000
2023-02-06 09:26:18,947 - mmcls - INFO - Saving checkpoint at 31 epochs
2023-02-06 09:26:21,790 - mmcls - INFO - Epoch(val) [31][18]	accuracy_top-1: 93.8811, accuracy_top-5: 100.0000
2023-02-06 09:26:34,518 - mmcls - INFO - Saving checkpoint at 32 epochs
2023-02-06 09:26:37,439 - mmcls - INFO - Epoch(val) [32][18]	accuracy_top-1: 94.2308, accuracy_top-5: 100.0000
2023-02-06 09:26:50,145 - mmcls - INFO - Saving checkpoint at 33 epochs
2023-02-06 09:26:53,034 - mmcls - INFO - Epoch(val) [33][18]	accuracy_top-1: 94.2308, accuracy_top-5: 100.0000
2023-02-06 09:27:05,883 - mmcls - INFO - Saving checkpoint at 34 epochs
2023-02-06 09:27:08,761 - mmcls - INFO - Epoch(val) [34][18]	accuracy_top-1: 94.2308, accuracy_top-5: 100.0000
2023-02-06 09:27:21,272 - mmcls - INFO - Saving checkpoint at 35 epochs
2023-02-06 09:27:24,157 - mmcls - INFO - Epoch(val) [35][18]	accuracy_top-1: 94.4056, accuracy_top-5: 100.0000
2023-02-06 09:27:37,150 - mmcls - INFO - Saving checkpoint at 36 epochs
2023-02-06 09:27:40,057 - mmcls - INFO - Epoch(val) [36][18]	accuracy_top-1: 94.4056, accuracy_top-5: 100.0000
2023-02-06 09:27:52,701 - mmcls - INFO - Saving checkpoint at 37 epochs
2023-02-06 09:27:55,676 - mmcls - INFO - Epoch(val) [37][18]	accuracy_top-1: 94.4056, accuracy_top-5: 100.0000
2023-02-06 09:28:08,457 - mmcls - INFO - Saving checkpoint at 38 epochs
2023-02-06 09:28:11,373 - mmcls - INFO - Epoch(val) [38][18]	accuracy_top-1: 94.4056, accuracy_top-5: 100.0000
2023-02-06 09:28:24,106 - mmcls - INFO - Saving checkpoint at 39 epochs
2023-02-06 09:28:26,990 - mmcls - INFO - Epoch(val) [39][18]	accuracy_top-1: 94.5804, accuracy_top-5: 100.0000
2023-02-06 09:28:39,778 - mmcls - INFO - Saving checkpoint at 40 epochs
2023-02-06 09:28:42,693 - mmcls - INFO - Epoch(val) [40][18]	accuracy_top-1: 94.9301, accuracy_top-5: 100.0000
2023-02-06 09:28:55,315 - mmcls - INFO - Saving checkpoint at 41 epochs
2023-02-06 09:28:58,211 - mmcls - INFO - Epoch(val) [41][18]	accuracy_top-1: 95.1049, accuracy_top-5: 100.0000
2023-02-06 09:29:10,776 - mmcls - INFO - Saving checkpoint at 42 epochs
2023-02-06 09:29:13,693 - mmcls - INFO - Epoch(val) [42][18]	accuracy_top-1: 94.0559, accuracy_top-5: 100.0000
2023-02-06 09:29:26,473 - mmcls - INFO - Saving checkpoint at 43 epochs
2023-02-06 09:29:29,376 - mmcls - INFO - Epoch(val) [43][18]	accuracy_top-1: 94.5804, accuracy_top-5: 100.0000
2023-02-06 09:29:44,973 - mmcls - INFO - Saving checkpoint at 44 epochs
2023-02-06 09:29:47,886 - mmcls - INFO - Epoch(val) [44][18]	accuracy_top-1: 94.2308, accuracy_top-5: 100.0000
2023-02-06 09:30:00,609 - mmcls - INFO - Saving checkpoint at 45 epochs
2023-02-06 09:30:03,758 - mmcls - INFO - Epoch(val) [45][18]	accuracy_top-1: 94.2308, accuracy_top-5: 100.0000
2023-02-06 09:30:16,554 - mmcls - INFO - Saving checkpoint at 46 epochs
2023-02-06 09:30:19,521 - mmcls - INFO - Epoch(val) [46][18]	accuracy_top-1: 94.2308, accuracy_top-5: 100.0000
2023-02-06 09:30:32,219 - mmcls - INFO - Saving checkpoint at 47 epochs
2023-02-06 09:30:35,202 - mmcls - INFO - Epoch(val) [47][18]	accuracy_top-1: 95.2797, accuracy_top-5: 100.0000
2023-02-06 09:30:47,914 - mmcls - INFO - Saving checkpoint at 48 epochs
2023-02-06 09:30:50,865 - mmcls - INFO - Epoch(val) [48][18]	accuracy_top-1: 94.4056, accuracy_top-5: 100.0000
2023-02-06 09:31:03,538 - mmcls - INFO - Saving checkpoint at 49 epochs
2023-02-06 09:31:06,482 - mmcls - INFO - Epoch(val) [49][18]	accuracy_top-1: 94.4056, accuracy_top-5: 100.0000
2023-02-06 09:31:19,120 - mmcls - INFO - Saving checkpoint at 50 epochs
2023-02-06 09:31:22,068 - mmcls - INFO - Epoch(val) [50][18]	accuracy_top-1: 94.7552, accuracy_top-5: 100.0000
2023-02-06 09:31:34,956 - mmcls - INFO - Saving checkpoint at 51 epochs
2023-02-06 09:31:37,893 - mmcls - INFO - Epoch(val) [51][18]	accuracy_top-1: 94.4056, accuracy_top-5: 100.0000
2023-02-06 09:31:50,490 - mmcls - INFO - Saving checkpoint at 52 epochs
2023-02-06 09:31:53,466 - mmcls - INFO - Epoch(val) [52][18]	accuracy_top-1: 94.7552, accuracy_top-5: 100.0000
2023-02-06 09:32:06,215 - mmcls - INFO - Saving checkpoint at 53 epochs
2023-02-06 09:32:09,134 - mmcls - INFO - Epoch(val) [53][18]	accuracy_top-1: 94.7552, accuracy_top-5: 100.0000
2023-02-06 09:32:21,776 - mmcls - INFO - Saving checkpoint at 54 epochs
2023-02-06 09:32:24,730 - mmcls - INFO - Epoch(val) [54][18]	accuracy_top-1: 94.4056, accuracy_top-5: 100.0000
2023-02-06 09:32:37,727 - mmcls - INFO - Saving checkpoint at 55 epochs
2023-02-06 09:32:40,618 - mmcls - INFO - Epoch(val) [55][18]	accuracy_top-1: 95.1049, accuracy_top-5: 100.0000
2023-02-06 09:32:53,475 - mmcls - INFO - Saving checkpoint at 56 epochs
2023-02-06 09:32:56,447 - mmcls - INFO - Epoch(val) [56][18]	accuracy_top-1: 94.7552, accuracy_top-5: 100.0000
2023-02-06 09:33:09,028 - mmcls - INFO - Saving checkpoint at 57 epochs
2023-02-06 09:33:11,905 - mmcls - INFO - Epoch(val) [57][18]	accuracy_top-1: 94.4056, accuracy_top-5: 100.0000
2023-02-06 09:33:24,782 - mmcls - INFO - Saving checkpoint at 58 epochs
2023-02-06 09:33:27,747 - mmcls - INFO - Epoch(val) [58][18]	accuracy_top-1: 94.5804, accuracy_top-5: 100.0000
2023-02-06 09:33:40,707 - mmcls - INFO - Saving checkpoint at 59 epochs
2023-02-06 09:33:43,734 - mmcls - INFO - Epoch(val) [59][18]	accuracy_top-1: 94.9301, accuracy_top-5: 100.0000
2023-02-06 09:33:59,451 - mmcls - INFO - Saving checkpoint at 60 epochs
2023-02-06 09:34:02,377 - mmcls - INFO - Epoch(val) [60][18]	accuracy_top-1: 94.9301, accuracy_top-5: 100.0000
2023-02-06 09:34:15,319 - mmcls - INFO - Saving checkpoint at 61 epochs
2023-02-06 09:34:18,304 - mmcls - INFO - Epoch(val) [61][18]	accuracy_top-1: 94.0559, accuracy_top-5: 100.0000
2023-02-06 09:34:31,357 - mmcls - INFO - Saving checkpoint at 62 epochs
2023-02-06 09:34:34,373 - mmcls - INFO - Epoch(val) [62][18]	accuracy_top-1: 94.2308, accuracy_top-5: 100.0000
2023-02-06 09:34:47,219 - mmcls - INFO - Saving checkpoint at 63 epochs
2023-02-06 09:34:50,292 - mmcls - INFO - Epoch(val) [63][18]	accuracy_top-1: 94.7552, accuracy_top-5: 100.0000
2023-02-06 09:35:03,181 - mmcls - INFO - Saving checkpoint at 64 epochs
2023-02-06 09:35:06,088 - mmcls - INFO - Epoch(val) [64][18]	accuracy_top-1: 94.2308, accuracy_top-5: 100.0000
2023-02-06 09:35:18,605 - mmcls - INFO - Saving checkpoint at 65 epochs
2023-02-06 09:35:21,513 - mmcls - INFO - Epoch(val) [65][18]	accuracy_top-1: 94.5804, accuracy_top-5: 100.0000
2023-02-06 09:35:34,378 - mmcls - INFO - Saving checkpoint at 66 epochs
2023-02-06 09:35:37,358 - mmcls - INFO - Epoch(val) [66][18]	accuracy_top-1: 94.7552, accuracy_top-5: 100.0000
2023-02-06 09:35:50,187 - mmcls - INFO - Saving checkpoint at 67 epochs
2023-02-06 09:35:53,079 - mmcls - INFO - Epoch(val) [67][18]	accuracy_top-1: 95.1049, accuracy_top-5: 100.0000
2023-02-06 09:36:05,859 - mmcls - INFO - Saving checkpoint at 68 epochs
2023-02-06 09:36:08,759 - mmcls - INFO - Epoch(val) [68][18]	accuracy_top-1: 94.7552, accuracy_top-5: 100.0000
2023-02-06 09:36:21,689 - mmcls - INFO - Saving checkpoint at 69 epochs
2023-02-06 09:36:24,665 - mmcls - INFO - Epoch(val) [69][18]	accuracy_top-1: 94.5804, accuracy_top-5: 100.0000
2023-02-06 09:36:37,451 - mmcls - INFO - Saving checkpoint at 70 epochs
2023-02-06 09:36:40,395 - mmcls - INFO - Epoch(val) [70][18]	accuracy_top-1: 94.4056, accuracy_top-5: 100.0000
2023-02-06 09:36:53,156 - mmcls - INFO - Saving checkpoint at 71 epochs
2023-02-06 09:36:56,110 - mmcls - INFO - Epoch(val) [71][18]	accuracy_top-1: 94.7552, accuracy_top-5: 100.0000
2023-02-06 09:37:08,789 - mmcls - INFO - Saving checkpoint at 72 epochs
2023-02-06 09:37:11,693 - mmcls - INFO - Epoch(val) [72][18]	accuracy_top-1: 95.1049, accuracy_top-5: 100.0000
2023-02-06 09:37:24,609 - mmcls - INFO - Saving checkpoint at 73 epochs
2023-02-06 09:37:27,561 - mmcls - INFO - Epoch(val) [73][18]	accuracy_top-1: 95.2797, accuracy_top-5: 100.0000
2023-02-06 09:37:40,309 - mmcls - INFO - Saving checkpoint at 74 epochs
2023-02-06 09:37:43,255 - mmcls - INFO - Epoch(val) [74][18]	accuracy_top-1: 94.7552, accuracy_top-5: 100.0000
2023-02-06 09:37:56,102 - mmcls - INFO - Saving checkpoint at 75 epochs
2023-02-06 09:37:59,074 - mmcls - INFO - Epoch(val) [75][18]	accuracy_top-1: 94.5804, accuracy_top-5: 100.0000
2023-02-06 09:38:14,586 - mmcls - INFO - Saving checkpoint at 76 epochs
2023-02-06 09:38:17,468 - mmcls - INFO - Epoch(val) [76][18]	accuracy_top-1: 94.7552, accuracy_top-5: 100.0000
2023-02-06 09:38:30,223 - mmcls - INFO - Saving checkpoint at 77 epochs
2023-02-06 09:38:33,259 - mmcls - INFO - Epoch(val) [77][18]	accuracy_top-1: 94.7552, accuracy_top-5: 100.0000
2023-02-06 09:38:46,066 - mmcls - INFO - Saving checkpoint at 78 epochs
2023-02-06 09:38:49,023 - mmcls - INFO - Epoch(val) [78][18]	accuracy_top-1: 94.9301, accuracy_top-5: 100.0000
2023-02-06 09:39:02,040 - mmcls - INFO - Saving checkpoint at 79 epochs
2023-02-06 09:39:04,991 - mmcls - INFO - Epoch(val) [79][18]	accuracy_top-1: 94.5804, accuracy_top-5: 100.0000
2023-02-06 09:39:17,681 - mmcls - INFO - Saving checkpoint at 80 epochs
2023-02-06 09:39:20,526 - mmcls - INFO - Epoch(val) [80][18]	accuracy_top-1: 94.7552, accuracy_top-5: 100.0000
2023-02-06 09:39:33,249 - mmcls - INFO - Saving checkpoint at 81 epochs
2023-02-06 09:39:36,176 - mmcls - INFO - Epoch(val) [81][18]	accuracy_top-1: 94.9301, accuracy_top-5: 100.0000
2023-02-06 09:39:48,932 - mmcls - INFO - Saving checkpoint at 82 epochs
2023-02-06 09:39:51,872 - mmcls - INFO - Epoch(val) [82][18]	accuracy_top-1: 94.4056, accuracy_top-5: 100.0000
2023-02-06 09:40:04,602 - mmcls - INFO - Saving checkpoint at 83 epochs
2023-02-06 09:40:07,517 - mmcls - INFO - Epoch(val) [83][18]	accuracy_top-1: 94.4056, accuracy_top-5: 100.0000
2023-02-06 09:40:20,078 - mmcls - INFO - Saving checkpoint at 84 epochs
2023-02-06 09:40:22,944 - mmcls - INFO - Epoch(val) [84][18]	accuracy_top-1: 94.2308, accuracy_top-5: 100.0000
2023-02-06 09:40:35,621 - mmcls - INFO - Saving checkpoint at 85 epochs
2023-02-06 09:40:38,530 - mmcls - INFO - Epoch(val) [85][18]	accuracy_top-1: 94.7552, accuracy_top-5: 100.0000
2023-02-06 09:40:51,355 - mmcls - INFO - Saving checkpoint at 86 epochs
2023-02-06 09:40:54,255 - mmcls - INFO - Epoch(val) [86][18]	accuracy_top-1: 94.5804, accuracy_top-5: 100.0000
2023-02-06 09:41:07,132 - mmcls - INFO - Saving checkpoint at 87 epochs
2023-02-06 09:41:10,004 - mmcls - INFO - Epoch(val) [87][18]	accuracy_top-1: 94.7552, accuracy_top-5: 100.0000
2023-02-06 09:41:22,654 - mmcls - INFO - Saving checkpoint at 88 epochs
2023-02-06 09:41:25,530 - mmcls - INFO - Epoch(val) [88][18]	accuracy_top-1: 94.5804, accuracy_top-5: 100.0000
2023-02-06 09:41:38,241 - mmcls - INFO - Saving checkpoint at 89 epochs
2023-02-06 09:41:41,087 - mmcls - INFO - Epoch(val) [89][18]	accuracy_top-1: 94.9301, accuracy_top-5: 100.0000
2023-02-06 09:41:53,654 - mmcls - INFO - Saving checkpoint at 90 epochs
2023-02-06 09:41:56,582 - mmcls - INFO - Epoch(val) [90][18]	accuracy_top-1: 94.9301, accuracy_top-5: 100.0000
2023-02-06 09:42:09,337 - mmcls - INFO - Saving checkpoint at 91 epochs
2023-02-06 09:42:12,381 - mmcls - INFO - Epoch(val) [91][18]	accuracy_top-1: 94.5804, accuracy_top-5: 100.0000
2023-02-06 09:42:27,639 - mmcls - INFO - Saving checkpoint at 92 epochs
2023-02-06 09:42:30,471 - mmcls - INFO - Epoch(val) [92][18]	accuracy_top-1: 94.5804, accuracy_top-5: 100.0000
2023-02-06 09:42:43,196 - mmcls - INFO - Saving checkpoint at 93 epochs
2023-02-06 09:42:46,081 - mmcls - INFO - Epoch(val) [93][18]	accuracy_top-1: 94.4056, accuracy_top-5: 100.0000
2023-02-06 09:42:58,875 - mmcls - INFO - Saving checkpoint at 94 epochs
2023-02-06 09:43:01,874 - mmcls - INFO - Epoch(val) [94][18]	accuracy_top-1: 94.7552, accuracy_top-5: 100.0000
2023-02-06 09:43:14,654 - mmcls - INFO - Saving checkpoint at 95 epochs
2023-02-06 09:43:17,562 - mmcls - INFO - Epoch(val) [95][18]	accuracy_top-1: 94.2308, accuracy_top-5: 100.0000
2023-02-06 09:43:30,240 - mmcls - INFO - Saving checkpoint at 96 epochs
2023-02-06 09:43:33,182 - mmcls - INFO - Epoch(val) [96][18]	accuracy_top-1: 94.4056, accuracy_top-5: 100.0000
2023-02-06 09:43:46,133 - mmcls - INFO - Saving checkpoint at 97 epochs
2023-02-06 09:43:49,081 - mmcls - INFO - Epoch(val) [97][18]	accuracy_top-1: 94.7552, accuracy_top-5: 100.0000
2023-02-06 09:44:01,811 - mmcls - INFO - Saving checkpoint at 98 epochs
2023-02-06 09:44:04,716 - mmcls - INFO - Epoch(val) [98][18]	accuracy_top-1: 94.4056, accuracy_top-5: 100.0000
2023-02-06 09:44:17,384 - mmcls - INFO - Saving checkpoint at 99 epochs
2023-02-06 09:44:20,295 - mmcls - INFO - Epoch(val) [99][18]	accuracy_top-1: 94.7552, accuracy_top-5: 100.0000
2023-02-06 09:44:33,146 - mmcls - INFO - Saving checkpoint at 100 epochs
2023-02-06 09:44:36,244 - mmcls - INFO - Epoch(val) [100][18]	accuracy_top-1: 94.9301, accuracy_top-5: 100.0000
